18:24:37 INFO  : Launching XSDB server: xsdb -n /opt/Xilinx/SDK/2015.4/scripts/xsdb/xsdb/xsdb-server.tcl
18:25:06 INFO  : XSDB server has started successfully.
18:25:38 INFO  : Processing command line option -hwspec /home/chathura/Desktop/maxi_final_180113/maxi_vivado_180113/maxi_vivado_180113.sdk/design_1_wrapper.hdf.
18:56:35 INFO  : Connected to target on host '127.0.0.1' and port '3121'.
18:56:36 INFO  : 'targets -set -filter {jtag_cable_name =~ "Digilent JTAG-SMT1 210203823914A" && level==0} -index 1' command is executed.
18:56:39 INFO  : FPGA configured successfully with bitstream "/home/chathura/Desktop/maxi_final_180113/maxi_vivado_180113/maxi_vivado_180113.sdk/design_1_wrapper_hw_platform_0/design_1_wrapper.bit"
18:57:05 INFO  : 'targets -set -filter {jtag_cable_name =~ "Digilent JTAG-SMT1 210203823914A" && level==0} -index 1' command is executed.
18:57:06 INFO  : 'fpga -state' command is executed.
18:57:06 INFO  : Connected to target on host '127.0.0.1' and port '3121'.
18:57:06 INFO  : Sourcing of '/home/chathura/Desktop/maxi_final_180113/maxi_vivado_180113/maxi_vivado_180113.sdk/design_1_wrapper_hw_platform_0/ps7_init.tcl' is done.
18:57:06 INFO  : 'targets -set -filter {name =~"APU" && jtag_cable_name =~ "Digilent JTAG-SMT1 210203823914A"} -index 0' command is executed.
18:57:06 INFO  : Hardware design information is loaded from '/home/chathura/Desktop/maxi_final_180113/maxi_vivado_180113/maxi_vivado_180113.sdk/design_1_wrapper_hw_platform_0/system.hdf'.
18:57:07 INFO  : 'targets -set -filter {name =~"APU" && jtag_cable_name =~ "Digilent JTAG-SMT1 210203823914A"} -index 0' command is executed.
18:57:07 INFO  : 'stop' command is executed.
18:57:07 INFO  : 'ps7_init' command is executed.
18:57:07 INFO  : 'ps7_post_config' command is executed.
18:57:07 INFO  : 'con' command is executed.
18:57:08 INFO  : Context for processor 'ps7_cortexa9_0' is selected.
18:57:08 INFO  : Processor reset is completed for 'ps7_cortexa9_0'.
18:57:08 INFO  : Context for processor 'ps7_cortexa9_0' is selected.
18:57:09 INFO  : The application '/home/chathura/Desktop/maxi_final_180113/maxi_vivado_180113/maxi_vivado_180113.sdk/test/Debug/test.elf' is downloaded to processor 'ps7_cortexa9_0'.
18:57:09 INFO  : ----------------XSDB Script----------------
connect -url tcp:127.0.0.1:3121
source /home/chathura/Desktop/maxi_final_180113/maxi_vivado_180113/maxi_vivado_180113.sdk/design_1_wrapper_hw_platform_0/ps7_init.tcl
targets -set -filter {name =~"APU" && jtag_cable_name =~ "Digilent JTAG-SMT1 210203823914A"} -index 0
loadhw /home/chathura/Desktop/maxi_final_180113/maxi_vivado_180113/maxi_vivado_180113.sdk/design_1_wrapper_hw_platform_0/system.hdf
targets -set -filter {name =~"APU" && jtag_cable_name =~ "Digilent JTAG-SMT1 210203823914A"} -index 0
stop
ps7_init
ps7_post_config
con
targets -set -nocase -filter {name =~ "ARM*#0" && jtag_cable_name =~ "Digilent JTAG-SMT1 210203823914A"} -index 0
rst -processor
targets -set -nocase -filter {name =~ "ARM*#0" && jtag_cable_name =~ "Digilent JTAG-SMT1 210203823914A"} -index 0
dow /home/chathura/Desktop/maxi_final_180113/maxi_vivado_180113/maxi_vivado_180113.sdk/test/Debug/test.elf
----------------End of Script----------------

18:57:09 INFO  : Memory regions updated for context APU
18:57:09 INFO  : Context for processor 'ps7_cortexa9_0' is selected.
18:57:10 INFO  : 'con' command is executed.
18:57:10 INFO  : ----------------XSDB Script (After Launch)----------------
targets -set -nocase -filter {name =~ "ARM*#0" && jtag_cable_name =~ "Digilent JTAG-SMT1 210203823914A"} -index 0
con
----------------End of Script----------------

18:59:44 INFO  : Disconnected from the channel tcfchan#1.
18:59:44 INFO  : 'targets -set -filter {jtag_cable_name =~ "Digilent JTAG-SMT1 210203823914A" && level==0} -index 1' command is executed.
18:59:44 INFO  : 'fpga -state' command is executed.
18:59:44 INFO  : Connected to target on host '127.0.0.1' and port '3121'.
18:59:45 INFO  : Sourcing of '/home/chathura/Desktop/maxi_final_180113/maxi_vivado_180113/maxi_vivado_180113.sdk/design_1_wrapper_hw_platform_0/ps7_init.tcl' is done.
18:59:45 INFO  : 'targets -set -filter {name =~"APU" && jtag_cable_name =~ "Digilent JTAG-SMT1 210203823914A"} -index 0' command is executed.
18:59:45 INFO  : Hardware design information is loaded from '/home/chathura/Desktop/maxi_final_180113/maxi_vivado_180113/maxi_vivado_180113.sdk/design_1_wrapper_hw_platform_0/system.hdf'.
18:59:45 INFO  : 'targets -set -filter {name =~"APU" && jtag_cable_name =~ "Digilent JTAG-SMT1 210203823914A"} -index 0' command is executed.
18:59:45 INFO  : 'stop' command is executed.
18:59:46 INFO  : 'ps7_init' command is executed.
18:59:46 INFO  : 'ps7_post_config' command is executed.
18:59:46 INFO  : 'con' command is executed.
18:59:46 INFO  : Context for processor 'ps7_cortexa9_0' is selected.
18:59:47 INFO  : Processor reset is completed for 'ps7_cortexa9_0'.
18:59:47 INFO  : Context for processor 'ps7_cortexa9_0' is selected.
18:59:48 INFO  : The application '/home/chathura/Desktop/maxi_final_180113/maxi_vivado_180113/maxi_vivado_180113.sdk/test/Debug/test.elf' is downloaded to processor 'ps7_cortexa9_0'.
18:59:48 INFO  : ----------------XSDB Script----------------
connect -url tcp:127.0.0.1:3121
source /home/chathura/Desktop/maxi_final_180113/maxi_vivado_180113/maxi_vivado_180113.sdk/design_1_wrapper_hw_platform_0/ps7_init.tcl
targets -set -filter {name =~"APU" && jtag_cable_name =~ "Digilent JTAG-SMT1 210203823914A"} -index 0
loadhw /home/chathura/Desktop/maxi_final_180113/maxi_vivado_180113/maxi_vivado_180113.sdk/design_1_wrapper_hw_platform_0/system.hdf
targets -set -filter {name =~"APU" && jtag_cable_name =~ "Digilent JTAG-SMT1 210203823914A"} -index 0
stop
ps7_init
ps7_post_config
con
targets -set -nocase -filter {name =~ "ARM*#0" && jtag_cable_name =~ "Digilent JTAG-SMT1 210203823914A"} -index 0
rst -processor
targets -set -nocase -filter {name =~ "ARM*#0" && jtag_cable_name =~ "Digilent JTAG-SMT1 210203823914A"} -index 0
dow /home/chathura/Desktop/maxi_final_180113/maxi_vivado_180113/maxi_vivado_180113.sdk/test/Debug/test.elf
----------------End of Script----------------

18:59:48 INFO  : Memory regions updated for context APU
18:59:48 INFO  : Context for processor 'ps7_cortexa9_0' is selected.
18:59:48 INFO  : 'con' command is executed.
18:59:48 INFO  : ----------------XSDB Script (After Launch)----------------
targets -set -nocase -filter {name =~ "ARM*#0" && jtag_cable_name =~ "Digilent JTAG-SMT1 210203823914A"} -index 0
con
----------------End of Script----------------

19:00:22 INFO  : Disconnected from the channel tcfchan#2.
19:00:23 INFO  : 'targets -set -filter {jtag_cable_name =~ "Digilent JTAG-SMT1 210203823914A" && level==0} -index 1' command is executed.
19:00:23 INFO  : 'fpga -state' command is executed.
19:00:23 INFO  : Connected to target on host '127.0.0.1' and port '3121'.
19:00:23 INFO  : Sourcing of '/home/chathura/Desktop/maxi_final_180113/maxi_vivado_180113/maxi_vivado_180113.sdk/design_1_wrapper_hw_platform_0/ps7_init.tcl' is done.
19:00:23 INFO  : 'targets -set -filter {name =~"APU" && jtag_cable_name =~ "Digilent JTAG-SMT1 210203823914A"} -index 0' command is executed.
19:00:24 INFO  : Hardware design information is loaded from '/home/chathura/Desktop/maxi_final_180113/maxi_vivado_180113/maxi_vivado_180113.sdk/design_1_wrapper_hw_platform_0/system.hdf'.
19:00:24 INFO  : 'targets -set -filter {name =~"APU" && jtag_cable_name =~ "Digilent JTAG-SMT1 210203823914A"} -index 0' command is executed.
19:00:24 INFO  : 'stop' command is executed.
19:00:24 INFO  : 'ps7_init' command is executed.
19:00:24 INFO  : 'ps7_post_config' command is executed.
19:00:25 INFO  : 'con' command is executed.
19:00:25 INFO  : Context for processor 'ps7_cortexa9_0' is selected.
19:00:25 INFO  : Processor reset is completed for 'ps7_cortexa9_0'.
19:00:25 INFO  : Context for processor 'ps7_cortexa9_0' is selected.
19:00:26 INFO  : The application '/home/chathura/Desktop/maxi_final_180113/maxi_vivado_180113/maxi_vivado_180113.sdk/test/Debug/test.elf' is downloaded to processor 'ps7_cortexa9_0'.
19:00:26 INFO  : ----------------XSDB Script----------------
connect -url tcp:127.0.0.1:3121
source /home/chathura/Desktop/maxi_final_180113/maxi_vivado_180113/maxi_vivado_180113.sdk/design_1_wrapper_hw_platform_0/ps7_init.tcl
targets -set -filter {name =~"APU" && jtag_cable_name =~ "Digilent JTAG-SMT1 210203823914A"} -index 0
loadhw /home/chathura/Desktop/maxi_final_180113/maxi_vivado_180113/maxi_vivado_180113.sdk/design_1_wrapper_hw_platform_0/system.hdf
targets -set -filter {name =~"APU" && jtag_cable_name =~ "Digilent JTAG-SMT1 210203823914A"} -index 0
stop
ps7_init
ps7_post_config
con
targets -set -nocase -filter {name =~ "ARM*#0" && jtag_cable_name =~ "Digilent JTAG-SMT1 210203823914A"} -index 0
rst -processor
targets -set -nocase -filter {name =~ "ARM*#0" && jtag_cable_name =~ "Digilent JTAG-SMT1 210203823914A"} -index 0
dow /home/chathura/Desktop/maxi_final_180113/maxi_vivado_180113/maxi_vivado_180113.sdk/test/Debug/test.elf
----------------End of Script----------------

19:00:26 INFO  : Memory regions updated for context APU
19:00:26 INFO  : Context for processor 'ps7_cortexa9_0' is selected.
19:00:27 INFO  : 'con' command is executed.
19:00:27 INFO  : ----------------XSDB Script (After Launch)----------------
targets -set -nocase -filter {name =~ "ARM*#0" && jtag_cable_name =~ "Digilent JTAG-SMT1 210203823914A"} -index 0
con
----------------End of Script----------------

19:01:04 INFO  : Connected to target on host '127.0.0.1' and port '3121'.
19:01:04 INFO  : 'targets -set -filter {jtag_cable_name =~ "Digilent JTAG-SMT1 210203823914A" && level==0} -index 1' command is executed.
19:01:07 INFO  : FPGA configured successfully with bitstream "/home/chathura/Desktop/maxi_final_180113/maxi_vivado_180113/maxi_vivado_180113.sdk/design_1_wrapper_hw_platform_0/design_1_wrapper.bit"
19:01:26 INFO  : Disconnected from the channel tcfchan#3.
19:01:26 INFO  : 'targets -set -filter {jtag_cable_name =~ "Digilent JTAG-SMT1 210203823914A" && level==0} -index 1' command is executed.
19:01:27 INFO  : 'fpga -state' command is executed.
19:01:27 INFO  : Connected to target on host '127.0.0.1' and port '3121'.
19:01:27 INFO  : Sourcing of '/home/chathura/Desktop/maxi_final_180113/maxi_vivado_180113/maxi_vivado_180113.sdk/design_1_wrapper_hw_platform_0/ps7_init.tcl' is done.
19:01:27 INFO  : 'targets -set -filter {name =~"APU" && jtag_cable_name =~ "Digilent JTAG-SMT1 210203823914A"} -index 0' command is executed.
19:01:27 INFO  : Hardware design information is loaded from '/home/chathura/Desktop/maxi_final_180113/maxi_vivado_180113/maxi_vivado_180113.sdk/design_1_wrapper_hw_platform_0/system.hdf'.
19:01:28 INFO  : 'targets -set -filter {name =~"APU" && jtag_cable_name =~ "Digilent JTAG-SMT1 210203823914A"} -index 0' command is executed.
19:01:28 INFO  : 'stop' command is executed.
19:01:28 INFO  : 'ps7_init' command is executed.
19:01:28 INFO  : 'ps7_post_config' command is executed.
19:01:28 INFO  : 'con' command is executed.
19:01:29 INFO  : Context for processor 'ps7_cortexa9_0' is selected.
19:01:29 INFO  : Processor reset is completed for 'ps7_cortexa9_0'.
19:01:29 INFO  : Context for processor 'ps7_cortexa9_0' is selected.
19:01:30 INFO  : The application '/home/chathura/Desktop/maxi_final_180113/maxi_vivado_180113/maxi_vivado_180113.sdk/test/Debug/test.elf' is downloaded to processor 'ps7_cortexa9_0'.
19:01:30 INFO  : ----------------XSDB Script----------------
connect -url tcp:127.0.0.1:3121
source /home/chathura/Desktop/maxi_final_180113/maxi_vivado_180113/maxi_vivado_180113.sdk/design_1_wrapper_hw_platform_0/ps7_init.tcl
targets -set -filter {name =~"APU" && jtag_cable_name =~ "Digilent JTAG-SMT1 210203823914A"} -index 0
loadhw /home/chathura/Desktop/maxi_final_180113/maxi_vivado_180113/maxi_vivado_180113.sdk/design_1_wrapper_hw_platform_0/system.hdf
targets -set -filter {name =~"APU" && jtag_cable_name =~ "Digilent JTAG-SMT1 210203823914A"} -index 0
stop
ps7_init
ps7_post_config
con
targets -set -nocase -filter {name =~ "ARM*#0" && jtag_cable_name =~ "Digilent JTAG-SMT1 210203823914A"} -index 0
rst -processor
targets -set -nocase -filter {name =~ "ARM*#0" && jtag_cable_name =~ "Digilent JTAG-SMT1 210203823914A"} -index 0
dow /home/chathura/Desktop/maxi_final_180113/maxi_vivado_180113/maxi_vivado_180113.sdk/test/Debug/test.elf
----------------End of Script----------------

19:01:30 INFO  : Memory regions updated for context APU
19:01:30 INFO  : Context for processor 'ps7_cortexa9_0' is selected.
19:01:30 INFO  : 'con' command is executed.
19:01:30 INFO  : ----------------XSDB Script (After Launch)----------------
targets -set -nocase -filter {name =~ "ARM*#0" && jtag_cable_name =~ "Digilent JTAG-SMT1 210203823914A"} -index 0
con
----------------End of Script----------------

19:02:56 INFO  : Connected to target on host '127.0.0.1' and port '3121'.
19:02:57 INFO  : 'targets -set -filter {jtag_cable_name =~ "Digilent JTAG-SMT1 210203823914A" && level==0} -index 1' command is executed.
19:03:02 INFO  : FPGA configured successfully with bitstream "/home/chathura/Desktop/maxi_final_180113/maxi_vivado_180113/maxi_vivado_180113.sdk/design_1_wrapper_hw_platform_0/design_1_wrapper.bit"
19:03:10 INFO  : Disconnected from the channel tcfchan#4.
19:03:10 INFO  : 'targets -set -filter {jtag_cable_name =~ "Digilent JTAG-SMT1 210203823914A" && level==0} -index 1' command is executed.
19:03:10 INFO  : 'fpga -state' command is executed.
19:03:10 INFO  : Connected to target on host '127.0.0.1' and port '3121'.
19:03:11 INFO  : Sourcing of '/home/chathura/Desktop/maxi_final_180113/maxi_vivado_180113/maxi_vivado_180113.sdk/design_1_wrapper_hw_platform_0/ps7_init.tcl' is done.
19:03:11 INFO  : 'targets -set -filter {name =~"APU" && jtag_cable_name =~ "Digilent JTAG-SMT1 210203823914A"} -index 0' command is executed.
19:03:11 INFO  : Hardware design information is loaded from '/home/chathura/Desktop/maxi_final_180113/maxi_vivado_180113/maxi_vivado_180113.sdk/design_1_wrapper_hw_platform_0/system.hdf'.
19:03:11 INFO  : 'targets -set -filter {name =~"APU" && jtag_cable_name =~ "Digilent JTAG-SMT1 210203823914A"} -index 0' command is executed.
19:03:11 INFO  : 'stop' command is executed.
19:03:12 INFO  : 'ps7_init' command is executed.
19:03:12 INFO  : 'ps7_post_config' command is executed.
19:03:12 INFO  : 'con' command is executed.
19:03:13 INFO  : Context for processor 'ps7_cortexa9_0' is selected.
19:03:13 INFO  : Processor reset is completed for 'ps7_cortexa9_0'.
19:03:13 INFO  : Context for processor 'ps7_cortexa9_0' is selected.
19:03:14 INFO  : The application '/home/chathura/Desktop/maxi_final_180113/maxi_vivado_180113/maxi_vivado_180113.sdk/test/Debug/test.elf' is downloaded to processor 'ps7_cortexa9_0'.
19:03:14 INFO  : ----------------XSDB Script----------------
connect -url tcp:127.0.0.1:3121
source /home/chathura/Desktop/maxi_final_180113/maxi_vivado_180113/maxi_vivado_180113.sdk/design_1_wrapper_hw_platform_0/ps7_init.tcl
targets -set -filter {name =~"APU" && jtag_cable_name =~ "Digilent JTAG-SMT1 210203823914A"} -index 0
loadhw /home/chathura/Desktop/maxi_final_180113/maxi_vivado_180113/maxi_vivado_180113.sdk/design_1_wrapper_hw_platform_0/system.hdf
targets -set -filter {name =~"APU" && jtag_cable_name =~ "Digilent JTAG-SMT1 210203823914A"} -index 0
stop
ps7_init
ps7_post_config
con
targets -set -nocase -filter {name =~ "ARM*#0" && jtag_cable_name =~ "Digilent JTAG-SMT1 210203823914A"} -index 0
rst -processor
targets -set -nocase -filter {name =~ "ARM*#0" && jtag_cable_name =~ "Digilent JTAG-SMT1 210203823914A"} -index 0
dow /home/chathura/Desktop/maxi_final_180113/maxi_vivado_180113/maxi_vivado_180113.sdk/test/Debug/test.elf
----------------End of Script----------------

19:03:14 INFO  : Memory regions updated for context APU
19:03:14 INFO  : Context for processor 'ps7_cortexa9_0' is selected.
19:03:14 INFO  : 'con' command is executed.
19:03:14 INFO  : ----------------XSDB Script (After Launch)----------------
targets -set -nocase -filter {name =~ "ARM*#0" && jtag_cable_name =~ "Digilent JTAG-SMT1 210203823914A"} -index 0
con
----------------End of Script----------------

19:10:04 INFO  : Connected to target on host '127.0.0.1' and port '3121'.
19:10:04 INFO  : 'targets -set -filter {jtag_cable_name =~ "Digilent JTAG-SMT1 210203823914A" && level==0} -index 1' command is executed.
19:10:10 INFO  : FPGA configured successfully with bitstream "/home/chathura/Desktop/maxi_final_180113/maxi_vivado_180113/maxi_vivado_180113.sdk/design_1_wrapper_hw_platform_0/design_1_wrapper.bit"
19:10:20 INFO  : Disconnected from the channel tcfchan#5.
19:10:20 INFO  : 'targets -set -filter {jtag_cable_name =~ "Digilent JTAG-SMT1 210203823914A" && level==0} -index 1' command is executed.
19:10:20 INFO  : 'fpga -state' command is executed.
19:10:20 INFO  : Connected to target on host '127.0.0.1' and port '3121'.
19:10:21 INFO  : Sourcing of '/home/chathura/Desktop/maxi_final_180113/maxi_vivado_180113/maxi_vivado_180113.sdk/design_1_wrapper_hw_platform_0/ps7_init.tcl' is done.
19:10:21 INFO  : 'targets -set -filter {name =~"APU" && jtag_cable_name =~ "Digilent JTAG-SMT1 210203823914A"} -index 0' command is executed.
19:10:21 INFO  : Hardware design information is loaded from '/home/chathura/Desktop/maxi_final_180113/maxi_vivado_180113/maxi_vivado_180113.sdk/design_1_wrapper_hw_platform_0/system.hdf'.
19:10:21 INFO  : 'targets -set -filter {name =~"APU" && jtag_cable_name =~ "Digilent JTAG-SMT1 210203823914A"} -index 0' command is executed.
19:10:21 INFO  : 'stop' command is executed.
19:10:22 INFO  : 'ps7_init' command is executed.
19:10:22 INFO  : 'ps7_post_config' command is executed.
19:10:22 INFO  : 'con' command is executed.
19:10:22 INFO  : Context for processor 'ps7_cortexa9_0' is selected.
19:10:23 INFO  : Processor reset is completed for 'ps7_cortexa9_0'.
19:10:23 INFO  : Context for processor 'ps7_cortexa9_0' is selected.
19:10:24 INFO  : The application '/home/chathura/Desktop/maxi_final_180113/maxi_vivado_180113/maxi_vivado_180113.sdk/test/Debug/test.elf' is downloaded to processor 'ps7_cortexa9_0'.
19:10:24 INFO  : ----------------XSDB Script----------------
connect -url tcp:127.0.0.1:3121
source /home/chathura/Desktop/maxi_final_180113/maxi_vivado_180113/maxi_vivado_180113.sdk/design_1_wrapper_hw_platform_0/ps7_init.tcl
targets -set -filter {name =~"APU" && jtag_cable_name =~ "Digilent JTAG-SMT1 210203823914A"} -index 0
loadhw /home/chathura/Desktop/maxi_final_180113/maxi_vivado_180113/maxi_vivado_180113.sdk/design_1_wrapper_hw_platform_0/system.hdf
targets -set -filter {name =~"APU" && jtag_cable_name =~ "Digilent JTAG-SMT1 210203823914A"} -index 0
stop
ps7_init
ps7_post_config
con
targets -set -nocase -filter {name =~ "ARM*#0" && jtag_cable_name =~ "Digilent JTAG-SMT1 210203823914A"} -index 0
rst -processor
targets -set -nocase -filter {name =~ "ARM*#0" && jtag_cable_name =~ "Digilent JTAG-SMT1 210203823914A"} -index 0
dow /home/chathura/Desktop/maxi_final_180113/maxi_vivado_180113/maxi_vivado_180113.sdk/test/Debug/test.elf
----------------End of Script----------------

19:10:24 INFO  : Memory regions updated for context APU
19:10:24 INFO  : Context for processor 'ps7_cortexa9_0' is selected.
19:10:24 INFO  : 'con' command is executed.
19:10:24 INFO  : ----------------XSDB Script (After Launch)----------------
targets -set -nocase -filter {name =~ "ARM*#0" && jtag_cable_name =~ "Digilent JTAG-SMT1 210203823914A"} -index 0
con
----------------End of Script----------------

19:13:31 INFO  : Disconnected from the channel tcfchan#6.
19:13:32 INFO  : 'targets -set -filter {jtag_cable_name =~ "Digilent JTAG-SMT1 210203823914A" && level==0} -index 1' command is executed.
19:13:32 INFO  : 'fpga -state' command is executed.
19:13:32 INFO  : Connected to target on host '127.0.0.1' and port '3121'.
19:13:32 INFO  : Sourcing of '/home/chathura/Desktop/maxi_final_180113/maxi_vivado_180113/maxi_vivado_180113.sdk/design_1_wrapper_hw_platform_0/ps7_init.tcl' is done.
19:13:32 INFO  : 'targets -set -filter {name =~"APU" && jtag_cable_name =~ "Digilent JTAG-SMT1 210203823914A"} -index 0' command is executed.
19:13:32 INFO  : Hardware design information is loaded from '/home/chathura/Desktop/maxi_final_180113/maxi_vivado_180113/maxi_vivado_180113.sdk/design_1_wrapper_hw_platform_0/system.hdf'.
19:13:33 INFO  : 'targets -set -filter {name =~"APU" && jtag_cable_name =~ "Digilent JTAG-SMT1 210203823914A"} -index 0' command is executed.
19:13:33 INFO  : 'stop' command is executed.
19:13:33 INFO  : 'ps7_init' command is executed.
19:13:33 INFO  : 'ps7_post_config' command is executed.
19:13:33 INFO  : 'con' command is executed.
19:13:34 INFO  : Context for processor 'ps7_cortexa9_0' is selected.
19:13:34 INFO  : Processor reset is completed for 'ps7_cortexa9_0'.
19:13:34 INFO  : Context for processor 'ps7_cortexa9_0' is selected.
19:13:35 INFO  : The application '/home/chathura/Desktop/maxi_final_180113/maxi_vivado_180113/maxi_vivado_180113.sdk/test/Debug/test.elf' is downloaded to processor 'ps7_cortexa9_0'.
19:13:35 INFO  : ----------------XSDB Script----------------
connect -url tcp:127.0.0.1:3121
source /home/chathura/Desktop/maxi_final_180113/maxi_vivado_180113/maxi_vivado_180113.sdk/design_1_wrapper_hw_platform_0/ps7_init.tcl
targets -set -filter {name =~"APU" && jtag_cable_name =~ "Digilent JTAG-SMT1 210203823914A"} -index 0
loadhw /home/chathura/Desktop/maxi_final_180113/maxi_vivado_180113/maxi_vivado_180113.sdk/design_1_wrapper_hw_platform_0/system.hdf
targets -set -filter {name =~"APU" && jtag_cable_name =~ "Digilent JTAG-SMT1 210203823914A"} -index 0
stop
ps7_init
ps7_post_config
con
targets -set -nocase -filter {name =~ "ARM*#0" && jtag_cable_name =~ "Digilent JTAG-SMT1 210203823914A"} -index 0
rst -processor
targets -set -nocase -filter {name =~ "ARM*#0" && jtag_cable_name =~ "Digilent JTAG-SMT1 210203823914A"} -index 0
dow /home/chathura/Desktop/maxi_final_180113/maxi_vivado_180113/maxi_vivado_180113.sdk/test/Debug/test.elf
----------------End of Script----------------

19:13:35 INFO  : Memory regions updated for context APU
19:13:35 INFO  : Context for processor 'ps7_cortexa9_0' is selected.
19:13:35 INFO  : 'con' command is executed.
19:13:35 INFO  : ----------------XSDB Script (After Launch)----------------
targets -set -nocase -filter {name =~ "ARM*#0" && jtag_cable_name =~ "Digilent JTAG-SMT1 210203823914A"} -index 0
con
----------------End of Script----------------

19:13:46 INFO  : Disconnected from the channel tcfchan#7.
19:13:46 INFO  : 'targets -set -filter {jtag_cable_name =~ "Digilent JTAG-SMT1 210203823914A" && level==0} -index 1' command is executed.
19:13:46 INFO  : 'fpga -state' command is executed.
19:13:46 INFO  : Connected to target on host '127.0.0.1' and port '3121'.
19:13:47 INFO  : Sourcing of '/home/chathura/Desktop/maxi_final_180113/maxi_vivado_180113/maxi_vivado_180113.sdk/design_1_wrapper_hw_platform_0/ps7_init.tcl' is done.
19:13:47 INFO  : 'targets -set -filter {name =~"APU" && jtag_cable_name =~ "Digilent JTAG-SMT1 210203823914A"} -index 0' command is executed.
19:13:47 INFO  : Hardware design information is loaded from '/home/chathura/Desktop/maxi_final_180113/maxi_vivado_180113/maxi_vivado_180113.sdk/design_1_wrapper_hw_platform_0/system.hdf'.
19:13:47 INFO  : 'targets -set -filter {name =~"APU" && jtag_cable_name =~ "Digilent JTAG-SMT1 210203823914A"} -index 0' command is executed.
19:13:47 INFO  : 'stop' command is executed.
19:13:48 INFO  : 'ps7_init' command is executed.
19:13:48 INFO  : 'ps7_post_config' command is executed.
19:13:48 INFO  : 'con' command is executed.
19:13:48 INFO  : Context for processor 'ps7_cortexa9_0' is selected.
19:13:49 INFO  : Processor reset is completed for 'ps7_cortexa9_0'.
19:13:49 INFO  : Context for processor 'ps7_cortexa9_0' is selected.
19:13:50 INFO  : The application '/home/chathura/Desktop/maxi_final_180113/maxi_vivado_180113/maxi_vivado_180113.sdk/test/Debug/test.elf' is downloaded to processor 'ps7_cortexa9_0'.
19:13:50 INFO  : ----------------XSDB Script----------------
connect -url tcp:127.0.0.1:3121
source /home/chathura/Desktop/maxi_final_180113/maxi_vivado_180113/maxi_vivado_180113.sdk/design_1_wrapper_hw_platform_0/ps7_init.tcl
targets -set -filter {name =~"APU" && jtag_cable_name =~ "Digilent JTAG-SMT1 210203823914A"} -index 0
loadhw /home/chathura/Desktop/maxi_final_180113/maxi_vivado_180113/maxi_vivado_180113.sdk/design_1_wrapper_hw_platform_0/system.hdf
targets -set -filter {name =~"APU" && jtag_cable_name =~ "Digilent JTAG-SMT1 210203823914A"} -index 0
stop
ps7_init
ps7_post_config
con
targets -set -nocase -filter {name =~ "ARM*#0" && jtag_cable_name =~ "Digilent JTAG-SMT1 210203823914A"} -index 0
rst -processor
targets -set -nocase -filter {name =~ "ARM*#0" && jtag_cable_name =~ "Digilent JTAG-SMT1 210203823914A"} -index 0
dow /home/chathura/Desktop/maxi_final_180113/maxi_vivado_180113/maxi_vivado_180113.sdk/test/Debug/test.elf
----------------End of Script----------------

19:13:50 INFO  : Memory regions updated for context APU
19:13:50 INFO  : Context for processor 'ps7_cortexa9_0' is selected.
19:13:50 INFO  : 'con' command is executed.
19:13:50 INFO  : ----------------XSDB Script (After Launch)----------------
targets -set -nocase -filter {name =~ "ARM*#0" && jtag_cable_name =~ "Digilent JTAG-SMT1 210203823914A"} -index 0
con
----------------End of Script----------------

19:14:50 INFO  : Disconnected from the channel tcfchan#8.
19:15:02 INFO  : 'targets -set -filter {jtag_cable_name =~ "Digilent JTAG-SMT1 210203823914A" && level==0} -index 1' command is executed.
19:15:03 INFO  : 'fpga -state' command is executed.
19:15:03 INFO  : Connected to target on host '127.0.0.1' and port '3121'.
19:15:03 INFO  : Sourcing of '/home/chathura/Desktop/maxi_final_180113/maxi_vivado_180113/maxi_vivado_180113.sdk/design_1_wrapper_hw_platform_0/ps7_init.tcl' is done.
19:15:03 INFO  : 'targets -set -filter {name =~"APU" && jtag_cable_name =~ "Digilent JTAG-SMT1 210203823914A"} -index 0' command is executed.
19:15:03 INFO  : Hardware design information is loaded from '/home/chathura/Desktop/maxi_final_180113/maxi_vivado_180113/maxi_vivado_180113.sdk/design_1_wrapper_hw_platform_0/system.hdf'.
19:15:04 INFO  : 'targets -set -filter {name =~"APU" && jtag_cable_name =~ "Digilent JTAG-SMT1 210203823914A"} -index 0' command is executed.
19:15:04 INFO  : 'stop' command is executed.
19:15:04 INFO  : 'ps7_init' command is executed.
19:15:04 INFO  : 'ps7_post_config' command is executed.
19:15:04 INFO  : 'con' command is executed.
19:15:05 INFO  : Context for processor 'ps7_cortexa9_0' is selected.
19:15:05 INFO  : Processor reset is completed for 'ps7_cortexa9_0'.
19:15:05 INFO  : Context for processor 'ps7_cortexa9_0' is selected.
19:15:06 INFO  : The application '/home/chathura/Desktop/maxi_final_180113/maxi_vivado_180113/maxi_vivado_180113.sdk/test/Debug/test.elf' is downloaded to processor 'ps7_cortexa9_0'.
19:15:06 INFO  : ----------------XSDB Script----------------
connect -url tcp:127.0.0.1:3121
source /home/chathura/Desktop/maxi_final_180113/maxi_vivado_180113/maxi_vivado_180113.sdk/design_1_wrapper_hw_platform_0/ps7_init.tcl
targets -set -filter {name =~"APU" && jtag_cable_name =~ "Digilent JTAG-SMT1 210203823914A"} -index 0
loadhw /home/chathura/Desktop/maxi_final_180113/maxi_vivado_180113/maxi_vivado_180113.sdk/design_1_wrapper_hw_platform_0/system.hdf
targets -set -filter {name =~"APU" && jtag_cable_name =~ "Digilent JTAG-SMT1 210203823914A"} -index 0
stop
ps7_init
ps7_post_config
con
targets -set -nocase -filter {name =~ "ARM*#0" && jtag_cable_name =~ "Digilent JTAG-SMT1 210203823914A"} -index 0
rst -processor
targets -set -nocase -filter {name =~ "ARM*#0" && jtag_cable_name =~ "Digilent JTAG-SMT1 210203823914A"} -index 0
dow /home/chathura/Desktop/maxi_final_180113/maxi_vivado_180113/maxi_vivado_180113.sdk/test/Debug/test.elf
----------------End of Script----------------

19:15:06 INFO  : Memory regions updated for context APU
19:15:06 INFO  : Context for processor 'ps7_cortexa9_0' is selected.
19:15:06 INFO  : 'con' command is executed.
19:15:06 INFO  : ----------------XSDB Script (After Launch)----------------
targets -set -nocase -filter {name =~ "ARM*#0" && jtag_cable_name =~ "Digilent JTAG-SMT1 210203823914A"} -index 0
con
----------------End of Script----------------

19:16:20 INFO  : Disconnected from the channel tcfchan#9.
19:16:21 INFO  : 'targets -set -filter {jtag_cable_name =~ "Digilent JTAG-SMT1 210203823914A" && level==0} -index 1' command is executed.
19:16:21 INFO  : 'fpga -state' command is executed.
19:16:21 INFO  : Connected to target on host '127.0.0.1' and port '3121'.
19:16:21 INFO  : Sourcing of '/home/chathura/Desktop/maxi_final_180113/maxi_vivado_180113/maxi_vivado_180113.sdk/design_1_wrapper_hw_platform_0/ps7_init.tcl' is done.
19:16:22 INFO  : 'targets -set -filter {name =~"APU" && jtag_cable_name =~ "Digilent JTAG-SMT1 210203823914A"} -index 0' command is executed.
19:16:22 INFO  : Hardware design information is loaded from '/home/chathura/Desktop/maxi_final_180113/maxi_vivado_180113/maxi_vivado_180113.sdk/design_1_wrapper_hw_platform_0/system.hdf'.
19:16:22 INFO  : 'targets -set -filter {name =~"APU" && jtag_cable_name =~ "Digilent JTAG-SMT1 210203823914A"} -index 0' command is executed.
19:16:22 INFO  : 'stop' command is executed.
19:16:23 INFO  : 'ps7_init' command is executed.
19:16:23 INFO  : 'ps7_post_config' command is executed.
19:16:23 INFO  : 'con' command is executed.
19:16:23 INFO  : Context for processor 'ps7_cortexa9_0' is selected.
19:16:23 INFO  : Processor reset is completed for 'ps7_cortexa9_0'.
19:16:23 INFO  : Context for processor 'ps7_cortexa9_0' is selected.
19:16:24 INFO  : The application '/home/chathura/Desktop/maxi_final_180113/maxi_vivado_180113/maxi_vivado_180113.sdk/test/Debug/test.elf' is downloaded to processor 'ps7_cortexa9_0'.
19:16:24 INFO  : ----------------XSDB Script----------------
connect -url tcp:127.0.0.1:3121
source /home/chathura/Desktop/maxi_final_180113/maxi_vivado_180113/maxi_vivado_180113.sdk/design_1_wrapper_hw_platform_0/ps7_init.tcl
targets -set -filter {name =~"APU" && jtag_cable_name =~ "Digilent JTAG-SMT1 210203823914A"} -index 0
loadhw /home/chathura/Desktop/maxi_final_180113/maxi_vivado_180113/maxi_vivado_180113.sdk/design_1_wrapper_hw_platform_0/system.hdf
targets -set -filter {name =~"APU" && jtag_cable_name =~ "Digilent JTAG-SMT1 210203823914A"} -index 0
stop
ps7_init
ps7_post_config
con
targets -set -nocase -filter {name =~ "ARM*#0" && jtag_cable_name =~ "Digilent JTAG-SMT1 210203823914A"} -index 0
rst -processor
targets -set -nocase -filter {name =~ "ARM*#0" && jtag_cable_name =~ "Digilent JTAG-SMT1 210203823914A"} -index 0
dow /home/chathura/Desktop/maxi_final_180113/maxi_vivado_180113/maxi_vivado_180113.sdk/test/Debug/test.elf
----------------End of Script----------------

19:16:24 INFO  : Memory regions updated for context APU
19:16:24 INFO  : Context for processor 'ps7_cortexa9_0' is selected.
19:16:25 INFO  : 'con' command is executed.
19:16:25 INFO  : ----------------XSDB Script (After Launch)----------------
targets -set -nocase -filter {name =~ "ARM*#0" && jtag_cable_name =~ "Digilent JTAG-SMT1 210203823914A"} -index 0
con
----------------End of Script----------------

19:16:45 INFO  : Connected to target on host '127.0.0.1' and port '3121'.
19:16:45 INFO  : 'targets -set -filter {jtag_cable_name =~ "Digilent JTAG-SMT1 210203823914A" && level==0} -index 1' command is executed.
19:16:50 INFO  : FPGA configured successfully with bitstream "/home/chathura/Desktop/maxi_final_180113/maxi_vivado_180113/maxi_vivado_180113.sdk/design_1_wrapper_hw_platform_0/design_1_wrapper.bit"
19:16:59 INFO  : Disconnected from the channel tcfchan#10.
19:17:00 INFO  : 'targets -set -filter {jtag_cable_name =~ "Digilent JTAG-SMT1 210203823914A" && level==0} -index 1' command is executed.
19:17:00 INFO  : 'fpga -state' command is executed.
19:17:00 INFO  : Connected to target on host '127.0.0.1' and port '3121'.
19:17:00 INFO  : Sourcing of '/home/chathura/Desktop/maxi_final_180113/maxi_vivado_180113/maxi_vivado_180113.sdk/design_1_wrapper_hw_platform_0/ps7_init.tcl' is done.
19:17:00 INFO  : 'targets -set -filter {name =~"APU" && jtag_cable_name =~ "Digilent JTAG-SMT1 210203823914A"} -index 0' command is executed.
19:17:00 INFO  : Hardware design information is loaded from '/home/chathura/Desktop/maxi_final_180113/maxi_vivado_180113/maxi_vivado_180113.sdk/design_1_wrapper_hw_platform_0/system.hdf'.
19:17:01 INFO  : 'targets -set -filter {name =~"APU" && jtag_cable_name =~ "Digilent JTAG-SMT1 210203823914A"} -index 0' command is executed.
19:17:01 INFO  : 'stop' command is executed.
19:17:01 INFO  : 'ps7_init' command is executed.
19:17:01 INFO  : 'ps7_post_config' command is executed.
19:17:01 INFO  : 'con' command is executed.
19:17:02 INFO  : Context for processor 'ps7_cortexa9_0' is selected.
19:17:02 INFO  : Processor reset is completed for 'ps7_cortexa9_0'.
19:17:02 INFO  : Context for processor 'ps7_cortexa9_0' is selected.
19:17:03 INFO  : The application '/home/chathura/Desktop/maxi_final_180113/maxi_vivado_180113/maxi_vivado_180113.sdk/test/Debug/test.elf' is downloaded to processor 'ps7_cortexa9_0'.
19:17:03 INFO  : ----------------XSDB Script----------------
connect -url tcp:127.0.0.1:3121
source /home/chathura/Desktop/maxi_final_180113/maxi_vivado_180113/maxi_vivado_180113.sdk/design_1_wrapper_hw_platform_0/ps7_init.tcl
targets -set -filter {name =~"APU" && jtag_cable_name =~ "Digilent JTAG-SMT1 210203823914A"} -index 0
loadhw /home/chathura/Desktop/maxi_final_180113/maxi_vivado_180113/maxi_vivado_180113.sdk/design_1_wrapper_hw_platform_0/system.hdf
targets -set -filter {name =~"APU" && jtag_cable_name =~ "Digilent JTAG-SMT1 210203823914A"} -index 0
stop
ps7_init
ps7_post_config
con
targets -set -nocase -filter {name =~ "ARM*#0" && jtag_cable_name =~ "Digilent JTAG-SMT1 210203823914A"} -index 0
rst -processor
targets -set -nocase -filter {name =~ "ARM*#0" && jtag_cable_name =~ "Digilent JTAG-SMT1 210203823914A"} -index 0
dow /home/chathura/Desktop/maxi_final_180113/maxi_vivado_180113/maxi_vivado_180113.sdk/test/Debug/test.elf
----------------End of Script----------------

19:17:03 INFO  : Memory regions updated for context APU
19:17:03 INFO  : Context for processor 'ps7_cortexa9_0' is selected.
19:17:03 INFO  : 'con' command is executed.
19:17:03 INFO  : ----------------XSDB Script (After Launch)----------------
targets -set -nocase -filter {name =~ "ARM*#0" && jtag_cable_name =~ "Digilent JTAG-SMT1 210203823914A"} -index 0
con
----------------End of Script----------------

19:17:39 INFO  : Disconnected from the channel tcfchan#11.
19:17:40 INFO  : 'targets -set -filter {jtag_cable_name =~ "Digilent JTAG-SMT1 210203823914A" && level==0} -index 1' command is executed.
19:17:40 INFO  : 'fpga -state' command is executed.
19:17:40 INFO  : Connected to target on host '127.0.0.1' and port '3121'.
19:17:40 INFO  : Sourcing of '/home/chathura/Desktop/maxi_final_180113/maxi_vivado_180113/maxi_vivado_180113.sdk/design_1_wrapper_hw_platform_0/ps7_init.tcl' is done.
19:17:40 INFO  : 'targets -set -filter {name =~"APU" && jtag_cable_name =~ "Digilent JTAG-SMT1 210203823914A"} -index 0' command is executed.
19:17:40 INFO  : Hardware design information is loaded from '/home/chathura/Desktop/maxi_final_180113/maxi_vivado_180113/maxi_vivado_180113.sdk/design_1_wrapper_hw_platform_0/system.hdf'.
19:17:41 INFO  : 'targets -set -filter {name =~"APU" && jtag_cable_name =~ "Digilent JTAG-SMT1 210203823914A"} -index 0' command is executed.
19:17:41 INFO  : 'stop' command is executed.
19:17:41 INFO  : 'ps7_init' command is executed.
19:17:41 INFO  : 'ps7_post_config' command is executed.
19:17:41 INFO  : 'con' command is executed.
19:17:42 INFO  : Context for processor 'ps7_cortexa9_0' is selected.
19:17:42 INFO  : Processor reset is completed for 'ps7_cortexa9_0'.
19:17:42 INFO  : Context for processor 'ps7_cortexa9_0' is selected.
19:17:43 INFO  : The application '/home/chathura/Desktop/maxi_final_180113/maxi_vivado_180113/maxi_vivado_180113.sdk/test/Debug/test.elf' is downloaded to processor 'ps7_cortexa9_0'.
19:17:43 INFO  : ----------------XSDB Script----------------
connect -url tcp:127.0.0.1:3121
source /home/chathura/Desktop/maxi_final_180113/maxi_vivado_180113/maxi_vivado_180113.sdk/design_1_wrapper_hw_platform_0/ps7_init.tcl
targets -set -filter {name =~"APU" && jtag_cable_name =~ "Digilent JTAG-SMT1 210203823914A"} -index 0
loadhw /home/chathura/Desktop/maxi_final_180113/maxi_vivado_180113/maxi_vivado_180113.sdk/design_1_wrapper_hw_platform_0/system.hdf
targets -set -filter {name =~"APU" && jtag_cable_name =~ "Digilent JTAG-SMT1 210203823914A"} -index 0
stop
ps7_init
ps7_post_config
con
targets -set -nocase -filter {name =~ "ARM*#0" && jtag_cable_name =~ "Digilent JTAG-SMT1 210203823914A"} -index 0
rst -processor
targets -set -nocase -filter {name =~ "ARM*#0" && jtag_cable_name =~ "Digilent JTAG-SMT1 210203823914A"} -index 0
dow /home/chathura/Desktop/maxi_final_180113/maxi_vivado_180113/maxi_vivado_180113.sdk/test/Debug/test.elf
----------------End of Script----------------

19:17:43 INFO  : Memory regions updated for context APU
19:17:43 INFO  : Context for processor 'ps7_cortexa9_0' is selected.
19:17:43 INFO  : 'con' command is executed.
19:17:43 INFO  : ----------------XSDB Script (After Launch)----------------
targets -set -nocase -filter {name =~ "ARM*#0" && jtag_cable_name =~ "Digilent JTAG-SMT1 210203823914A"} -index 0
con
----------------End of Script----------------

19:19:34 INFO  : Disconnected from the channel tcfchan#12.
19:19:34 INFO  : 'targets -set -filter {jtag_cable_name =~ "Digilent JTAG-SMT1 210203823914A" && level==0} -index 1' command is executed.
19:19:34 INFO  : 'fpga -state' command is executed.
19:19:34 INFO  : Connected to target on host '127.0.0.1' and port '3121'.
19:19:34 INFO  : Sourcing of '/home/chathura/Desktop/maxi_final_180113/maxi_vivado_180113/maxi_vivado_180113.sdk/design_1_wrapper_hw_platform_0/ps7_init.tcl' is done.
19:19:35 INFO  : 'targets -set -filter {name =~"APU" && jtag_cable_name =~ "Digilent JTAG-SMT1 210203823914A"} -index 0' command is executed.
19:19:35 INFO  : Hardware design information is loaded from '/home/chathura/Desktop/maxi_final_180113/maxi_vivado_180113/maxi_vivado_180113.sdk/design_1_wrapper_hw_platform_0/system.hdf'.
19:19:35 INFO  : 'targets -set -filter {name =~"APU" && jtag_cable_name =~ "Digilent JTAG-SMT1 210203823914A"} -index 0' command is executed.
19:19:35 INFO  : 'stop' command is executed.
19:19:36 INFO  : 'ps7_init' command is executed.
19:19:36 INFO  : 'ps7_post_config' command is executed.
19:19:36 INFO  : 'con' command is executed.
19:19:36 INFO  : Context for processor 'ps7_cortexa9_0' is selected.
19:19:36 INFO  : Processor reset is completed for 'ps7_cortexa9_0'.
19:19:36 INFO  : Context for processor 'ps7_cortexa9_0' is selected.
19:19:37 INFO  : The application '/home/chathura/Desktop/maxi_final_180113/maxi_vivado_180113/maxi_vivado_180113.sdk/test/Debug/test.elf' is downloaded to processor 'ps7_cortexa9_0'.
19:19:37 INFO  : ----------------XSDB Script----------------
connect -url tcp:127.0.0.1:3121
source /home/chathura/Desktop/maxi_final_180113/maxi_vivado_180113/maxi_vivado_180113.sdk/design_1_wrapper_hw_platform_0/ps7_init.tcl
targets -set -filter {name =~"APU" && jtag_cable_name =~ "Digilent JTAG-SMT1 210203823914A"} -index 0
loadhw /home/chathura/Desktop/maxi_final_180113/maxi_vivado_180113/maxi_vivado_180113.sdk/design_1_wrapper_hw_platform_0/system.hdf
targets -set -filter {name =~"APU" && jtag_cable_name =~ "Digilent JTAG-SMT1 210203823914A"} -index 0
stop
ps7_init
ps7_post_config
con
targets -set -nocase -filter {name =~ "ARM*#0" && jtag_cable_name =~ "Digilent JTAG-SMT1 210203823914A"} -index 0
rst -processor
targets -set -nocase -filter {name =~ "ARM*#0" && jtag_cable_name =~ "Digilent JTAG-SMT1 210203823914A"} -index 0
dow /home/chathura/Desktop/maxi_final_180113/maxi_vivado_180113/maxi_vivado_180113.sdk/test/Debug/test.elf
----------------End of Script----------------

19:19:37 INFO  : Memory regions updated for context APU
19:19:37 INFO  : Context for processor 'ps7_cortexa9_0' is selected.
19:19:38 INFO  : 'con' command is executed.
19:19:38 INFO  : ----------------XSDB Script (After Launch)----------------
targets -set -nocase -filter {name =~ "ARM*#0" && jtag_cable_name =~ "Digilent JTAG-SMT1 210203823914A"} -index 0
con
----------------End of Script----------------

19:20:26 INFO  : Disconnected from the channel tcfchan#13.
19:20:27 INFO  : 'targets -set -filter {jtag_cable_name =~ "Digilent JTAG-SMT1 210203823914A" && level==0} -index 1' command is executed.
19:20:27 INFO  : 'fpga -state' command is executed.
19:20:27 INFO  : Connected to target on host '127.0.0.1' and port '3121'.
19:20:27 INFO  : Sourcing of '/home/chathura/Desktop/maxi_final_180113/maxi_vivado_180113/maxi_vivado_180113.sdk/design_1_wrapper_hw_platform_0/ps7_init.tcl' is done.
19:20:28 INFO  : 'targets -set -filter {name =~"APU" && jtag_cable_name =~ "Digilent JTAG-SMT1 210203823914A"} -index 0' command is executed.
19:20:28 INFO  : Hardware design information is loaded from '/home/chathura/Desktop/maxi_final_180113/maxi_vivado_180113/maxi_vivado_180113.sdk/design_1_wrapper_hw_platform_0/system.hdf'.
19:20:28 INFO  : 'targets -set -filter {name =~"APU" && jtag_cable_name =~ "Digilent JTAG-SMT1 210203823914A"} -index 0' command is executed.
19:20:28 INFO  : 'stop' command is executed.
19:20:28 INFO  : 'ps7_init' command is executed.
19:20:29 INFO  : 'ps7_post_config' command is executed.
19:20:29 INFO  : 'con' command is executed.
19:20:29 INFO  : Context for processor 'ps7_cortexa9_0' is selected.
19:20:29 INFO  : Processor reset is completed for 'ps7_cortexa9_0'.
19:20:29 INFO  : Context for processor 'ps7_cortexa9_0' is selected.
19:20:30 INFO  : The application '/home/chathura/Desktop/maxi_final_180113/maxi_vivado_180113/maxi_vivado_180113.sdk/test/Debug/test.elf' is downloaded to processor 'ps7_cortexa9_0'.
19:20:30 INFO  : ----------------XSDB Script----------------
connect -url tcp:127.0.0.1:3121
source /home/chathura/Desktop/maxi_final_180113/maxi_vivado_180113/maxi_vivado_180113.sdk/design_1_wrapper_hw_platform_0/ps7_init.tcl
targets -set -filter {name =~"APU" && jtag_cable_name =~ "Digilent JTAG-SMT1 210203823914A"} -index 0
loadhw /home/chathura/Desktop/maxi_final_180113/maxi_vivado_180113/maxi_vivado_180113.sdk/design_1_wrapper_hw_platform_0/system.hdf
targets -set -filter {name =~"APU" && jtag_cable_name =~ "Digilent JTAG-SMT1 210203823914A"} -index 0
stop
ps7_init
ps7_post_config
con
targets -set -nocase -filter {name =~ "ARM*#0" && jtag_cable_name =~ "Digilent JTAG-SMT1 210203823914A"} -index 0
rst -processor
targets -set -nocase -filter {name =~ "ARM*#0" && jtag_cable_name =~ "Digilent JTAG-SMT1 210203823914A"} -index 0
dow /home/chathura/Desktop/maxi_final_180113/maxi_vivado_180113/maxi_vivado_180113.sdk/test/Debug/test.elf
----------------End of Script----------------

19:20:30 INFO  : Memory regions updated for context APU
19:20:30 INFO  : Context for processor 'ps7_cortexa9_0' is selected.
19:20:30 INFO  : 'con' command is executed.
19:20:30 INFO  : ----------------XSDB Script (After Launch)----------------
targets -set -nocase -filter {name =~ "ARM*#0" && jtag_cable_name =~ "Digilent JTAG-SMT1 210203823914A"} -index 0
con
----------------End of Script----------------

19:22:43 INFO  : Connected to target on host '127.0.0.1' and port '3121'.
19:22:43 INFO  : 'targets -set -filter {jtag_cable_name =~ "Digilent JTAG-SMT1 210203823914A" && level==0} -index 1' command is executed.
19:22:48 INFO  : FPGA configured successfully with bitstream "/home/chathura/Desktop/maxi_final_180113/maxi_vivado_180113/maxi_vivado_180113.sdk/design_1_wrapper_hw_platform_0/design_1_wrapper.bit"
19:23:15 INFO  : Disconnected from the channel tcfchan#14.
19:23:15 INFO  : 'targets -set -filter {jtag_cable_name =~ "Digilent JTAG-SMT1 210203823914A" && level==0} -index 1' command is executed.
19:23:15 INFO  : 'fpga -state' command is executed.
19:23:15 INFO  : Connected to target on host '127.0.0.1' and port '3121'.
19:23:15 INFO  : Sourcing of '/home/chathura/Desktop/maxi_final_180113/maxi_vivado_180113/maxi_vivado_180113.sdk/design_1_wrapper_hw_platform_0/ps7_init.tcl' is done.
19:23:16 INFO  : 'targets -set -filter {name =~"APU" && jtag_cable_name =~ "Digilent JTAG-SMT1 210203823914A"} -index 0' command is executed.
19:23:16 INFO  : Hardware design information is loaded from '/home/chathura/Desktop/maxi_final_180113/maxi_vivado_180113/maxi_vivado_180113.sdk/design_1_wrapper_hw_platform_0/system.hdf'.
19:23:16 INFO  : 'targets -set -filter {name =~"APU" && jtag_cable_name =~ "Digilent JTAG-SMT1 210203823914A"} -index 0' command is executed.
19:23:16 INFO  : 'stop' command is executed.
19:23:17 INFO  : 'ps7_init' command is executed.
19:23:17 INFO  : 'ps7_post_config' command is executed.
19:23:17 INFO  : 'con' command is executed.
19:23:17 INFO  : Context for processor 'ps7_cortexa9_0' is selected.
19:23:17 INFO  : Processor reset is completed for 'ps7_cortexa9_0'.
19:23:18 INFO  : Context for processor 'ps7_cortexa9_0' is selected.
19:23:18 INFO  : The application '/home/chathura/Desktop/maxi_final_180113/maxi_vivado_180113/maxi_vivado_180113.sdk/test/Debug/test.elf' is downloaded to processor 'ps7_cortexa9_0'.
19:23:18 INFO  : ----------------XSDB Script----------------
connect -url tcp:127.0.0.1:3121
source /home/chathura/Desktop/maxi_final_180113/maxi_vivado_180113/maxi_vivado_180113.sdk/design_1_wrapper_hw_platform_0/ps7_init.tcl
targets -set -filter {name =~"APU" && jtag_cable_name =~ "Digilent JTAG-SMT1 210203823914A"} -index 0
loadhw /home/chathura/Desktop/maxi_final_180113/maxi_vivado_180113/maxi_vivado_180113.sdk/design_1_wrapper_hw_platform_0/system.hdf
targets -set -filter {name =~"APU" && jtag_cable_name =~ "Digilent JTAG-SMT1 210203823914A"} -index 0
stop
ps7_init
ps7_post_config
con
targets -set -nocase -filter {name =~ "ARM*#0" && jtag_cable_name =~ "Digilent JTAG-SMT1 210203823914A"} -index 0
rst -processor
targets -set -nocase -filter {name =~ "ARM*#0" && jtag_cable_name =~ "Digilent JTAG-SMT1 210203823914A"} -index 0
dow /home/chathura/Desktop/maxi_final_180113/maxi_vivado_180113/maxi_vivado_180113.sdk/test/Debug/test.elf
----------------End of Script----------------

19:23:18 INFO  : Memory regions updated for context APU
19:23:19 INFO  : Context for processor 'ps7_cortexa9_0' is selected.
19:23:19 INFO  : 'con' command is executed.
19:23:19 INFO  : ----------------XSDB Script (After Launch)----------------
targets -set -nocase -filter {name =~ "ARM*#0" && jtag_cable_name =~ "Digilent JTAG-SMT1 210203823914A"} -index 0
con
----------------End of Script----------------

19:28:02 INFO  : Disconnected from the channel tcfchan#15.
19:28:03 INFO  : 'targets -set -filter {jtag_cable_name =~ "Digilent JTAG-SMT1 210203823914A" && level==0} -index 1' command is executed.
19:28:03 INFO  : 'fpga -state' command is executed.
19:28:03 INFO  : Connected to target on host '127.0.0.1' and port '3121'.
19:28:03 INFO  : Sourcing of '/home/chathura/Desktop/maxi_final_180113/maxi_vivado_180113/maxi_vivado_180113.sdk/design_1_wrapper_hw_platform_0/ps7_init.tcl' is done.
19:28:04 INFO  : 'targets -set -filter {name =~"APU" && jtag_cable_name =~ "Digilent JTAG-SMT1 210203823914A"} -index 0' command is executed.
19:28:04 INFO  : Hardware design information is loaded from '/home/chathura/Desktop/maxi_final_180113/maxi_vivado_180113/maxi_vivado_180113.sdk/design_1_wrapper_hw_platform_0/system.hdf'.
19:28:04 INFO  : 'targets -set -filter {name =~"APU" && jtag_cable_name =~ "Digilent JTAG-SMT1 210203823914A"} -index 0' command is executed.
19:28:04 INFO  : 'stop' command is executed.
19:28:05 INFO  : 'ps7_init' command is executed.
19:28:05 INFO  : 'ps7_post_config' command is executed.
19:28:05 INFO  : 'con' command is executed.
19:28:05 INFO  : Context for processor 'ps7_cortexa9_0' is selected.
19:28:05 INFO  : Processor reset is completed for 'ps7_cortexa9_0'.
19:28:06 INFO  : Context for processor 'ps7_cortexa9_0' is selected.
19:28:06 INFO  : The application '/home/chathura/Desktop/maxi_final_180113/maxi_vivado_180113/maxi_vivado_180113.sdk/test/Debug/test.elf' is downloaded to processor 'ps7_cortexa9_0'.
19:28:06 INFO  : ----------------XSDB Script----------------
connect -url tcp:127.0.0.1:3121
source /home/chathura/Desktop/maxi_final_180113/maxi_vivado_180113/maxi_vivado_180113.sdk/design_1_wrapper_hw_platform_0/ps7_init.tcl
targets -set -filter {name =~"APU" && jtag_cable_name =~ "Digilent JTAG-SMT1 210203823914A"} -index 0
loadhw /home/chathura/Desktop/maxi_final_180113/maxi_vivado_180113/maxi_vivado_180113.sdk/design_1_wrapper_hw_platform_0/system.hdf
targets -set -filter {name =~"APU" && jtag_cable_name =~ "Digilent JTAG-SMT1 210203823914A"} -index 0
stop
ps7_init
ps7_post_config
con
targets -set -nocase -filter {name =~ "ARM*#0" && jtag_cable_name =~ "Digilent JTAG-SMT1 210203823914A"} -index 0
rst -processor
targets -set -nocase -filter {name =~ "ARM*#0" && jtag_cable_name =~ "Digilent JTAG-SMT1 210203823914A"} -index 0
dow /home/chathura/Desktop/maxi_final_180113/maxi_vivado_180113/maxi_vivado_180113.sdk/test/Debug/test.elf
----------------End of Script----------------

19:28:06 INFO  : Memory regions updated for context APU
19:28:06 INFO  : Context for processor 'ps7_cortexa9_0' is selected.
19:28:07 INFO  : 'con' command is executed.
19:28:07 INFO  : ----------------XSDB Script (After Launch)----------------
targets -set -nocase -filter {name =~ "ARM*#0" && jtag_cable_name =~ "Digilent JTAG-SMT1 210203823914A"} -index 0
con
----------------End of Script----------------

19:29:07 INFO  : Disconnected from the channel tcfchan#16.
19:29:07 INFO  : 'targets -set -filter {jtag_cable_name =~ "Digilent JTAG-SMT1 210203823914A" && level==0} -index 1' command is executed.
19:29:07 INFO  : 'fpga -state' command is executed.
19:29:07 INFO  : Connected to target on host '127.0.0.1' and port '3121'.
19:29:07 INFO  : Sourcing of '/home/chathura/Desktop/maxi_final_180113/maxi_vivado_180113/maxi_vivado_180113.sdk/design_1_wrapper_hw_platform_0/ps7_init.tcl' is done.
19:29:08 INFO  : 'targets -set -filter {name =~"APU" && jtag_cable_name =~ "Digilent JTAG-SMT1 210203823914A"} -index 0' command is executed.
19:29:08 INFO  : Hardware design information is loaded from '/home/chathura/Desktop/maxi_final_180113/maxi_vivado_180113/maxi_vivado_180113.sdk/design_1_wrapper_hw_platform_0/system.hdf'.
19:29:08 INFO  : 'targets -set -filter {name =~"APU" && jtag_cable_name =~ "Digilent JTAG-SMT1 210203823914A"} -index 0' command is executed.
19:29:08 INFO  : 'stop' command is executed.
19:29:09 INFO  : 'ps7_init' command is executed.
19:29:09 INFO  : 'ps7_post_config' command is executed.
19:29:09 INFO  : 'con' command is executed.
19:29:09 INFO  : Context for processor 'ps7_cortexa9_0' is selected.
19:29:09 INFO  : Processor reset is completed for 'ps7_cortexa9_0'.
19:29:10 INFO  : Context for processor 'ps7_cortexa9_0' is selected.
19:29:10 INFO  : The application '/home/chathura/Desktop/maxi_final_180113/maxi_vivado_180113/maxi_vivado_180113.sdk/test/Debug/test.elf' is downloaded to processor 'ps7_cortexa9_0'.
19:29:10 INFO  : ----------------XSDB Script----------------
connect -url tcp:127.0.0.1:3121
source /home/chathura/Desktop/maxi_final_180113/maxi_vivado_180113/maxi_vivado_180113.sdk/design_1_wrapper_hw_platform_0/ps7_init.tcl
targets -set -filter {name =~"APU" && jtag_cable_name =~ "Digilent JTAG-SMT1 210203823914A"} -index 0
loadhw /home/chathura/Desktop/maxi_final_180113/maxi_vivado_180113/maxi_vivado_180113.sdk/design_1_wrapper_hw_platform_0/system.hdf
targets -set -filter {name =~"APU" && jtag_cable_name =~ "Digilent JTAG-SMT1 210203823914A"} -index 0
stop
ps7_init
ps7_post_config
con
targets -set -nocase -filter {name =~ "ARM*#0" && jtag_cable_name =~ "Digilent JTAG-SMT1 210203823914A"} -index 0
rst -processor
targets -set -nocase -filter {name =~ "ARM*#0" && jtag_cable_name =~ "Digilent JTAG-SMT1 210203823914A"} -index 0
dow /home/chathura/Desktop/maxi_final_180113/maxi_vivado_180113/maxi_vivado_180113.sdk/test/Debug/test.elf
----------------End of Script----------------

19:29:11 INFO  : Memory regions updated for context APU
19:29:11 INFO  : Context for processor 'ps7_cortexa9_0' is selected.
19:29:11 INFO  : 'con' command is executed.
19:29:11 INFO  : ----------------XSDB Script (After Launch)----------------
targets -set -nocase -filter {name =~ "ARM*#0" && jtag_cable_name =~ "Digilent JTAG-SMT1 210203823914A"} -index 0
con
----------------End of Script----------------

19:29:24 INFO  : Connected to target on host '127.0.0.1' and port '3121'.
19:29:25 INFO  : 'targets -set -filter {jtag_cable_name =~ "Digilent JTAG-SMT1 210203823914A" && level==0} -index 1' command is executed.
19:29:29 INFO  : FPGA configured successfully with bitstream "/home/chathura/Desktop/maxi_final_180113/maxi_vivado_180113/maxi_vivado_180113.sdk/design_1_wrapper_hw_platform_0/design_1_wrapper.bit"
19:29:39 INFO  : Disconnected from the channel tcfchan#17.
19:29:39 INFO  : 'targets -set -filter {jtag_cable_name =~ "Digilent JTAG-SMT1 210203823914A" && level==0} -index 1' command is executed.
19:29:39 INFO  : 'fpga -state' command is executed.
19:29:40 INFO  : Connected to target on host '127.0.0.1' and port '3121'.
19:29:40 INFO  : Sourcing of '/home/chathura/Desktop/maxi_final_180113/maxi_vivado_180113/maxi_vivado_180113.sdk/design_1_wrapper_hw_platform_0/ps7_init.tcl' is done.
19:29:40 INFO  : 'targets -set -filter {name =~"APU" && jtag_cable_name =~ "Digilent JTAG-SMT1 210203823914A"} -index 0' command is executed.
19:29:40 INFO  : Hardware design information is loaded from '/home/chathura/Desktop/maxi_final_180113/maxi_vivado_180113/maxi_vivado_180113.sdk/design_1_wrapper_hw_platform_0/system.hdf'.
19:29:40 INFO  : 'targets -set -filter {name =~"APU" && jtag_cable_name =~ "Digilent JTAG-SMT1 210203823914A"} -index 0' command is executed.
19:29:41 INFO  : 'stop' command is executed.
19:31:07 ERROR : Invalid context
19:31:07 INFO  : ----------------XSDB Script----------------
connect -url tcp:127.0.0.1:3121
source /home/chathura/Desktop/maxi_final_180113/maxi_vivado_180113/maxi_vivado_180113.sdk/design_1_wrapper_hw_platform_0/ps7_init.tcl
targets -set -filter {name =~"APU" && jtag_cable_name =~ "Digilent JTAG-SMT1 210203823914A"} -index 0
loadhw /home/chathura/Desktop/maxi_final_180113/maxi_vivado_180113/maxi_vivado_180113.sdk/design_1_wrapper_hw_platform_0/system.hdf
targets -set -filter {name =~"APU" && jtag_cable_name =~ "Digilent JTAG-SMT1 210203823914A"} -index 0
stop
ps7_init
----------------End of Script----------------

19:31:32 INFO  : Connected to target on host '127.0.0.1' and port '3121'.
19:33:17 INFO  : Connected to target on host '127.0.0.1' and port '3121'.
19:35:43 INFO  : Connected to target on host '127.0.0.1' and port '3121'.
19:37:41 INFO  : Launching XSDB server: xsdb -n /opt/Xilinx/SDK/2015.4/scripts/xsdb/xsdb/xsdb-server.tcl
19:37:46 INFO  : XSDB server has started successfully.
19:40:18 INFO  : Connected to target on host '127.0.0.1' and port '3121'.
19:40:18 INFO  : 'targets -set -filter {jtag_cable_name =~ "Digilent JTAG-SMT1 210203823914A" && level==0} -index 1' command is executed.
19:40:21 INFO  : FPGA configured successfully with bitstream "/home/chathura/Desktop/maxi_final_180113/maxi_vivado_180113/maxi_vivado_180113.sdk/design_1_wrapper_hw_platform_0/design_1_wrapper.bit"
19:41:28 INFO  : 'targets -set -filter {jtag_cable_name =~ "Digilent JTAG-SMT1 210203823914A" && level==0} -index 1' command is executed.
19:41:28 INFO  : 'fpga -state' command is executed.
19:41:29 INFO  : Connected to target on host '127.0.0.1' and port '3121'.
19:41:29 INFO  : Sourcing of '/home/chathura/Desktop/maxi_final_180113/maxi_vivado_180113/maxi_vivado_180113.sdk/design_1_wrapper_hw_platform_0/ps7_init.tcl' is done.
19:41:29 INFO  : 'targets -set -filter {name =~"APU" && jtag_cable_name =~ "Digilent JTAG-SMT1 210203823914A"} -index 0' command is executed.
19:41:29 INFO  : Hardware design information is loaded from '/home/chathura/Desktop/maxi_final_180113/maxi_vivado_180113/maxi_vivado_180113.sdk/design_1_wrapper_hw_platform_0/system.hdf'.
19:41:29 INFO  : 'targets -set -filter {name =~"APU" && jtag_cable_name =~ "Digilent JTAG-SMT1 210203823914A"} -index 0' command is executed.
19:41:30 INFO  : 'stop' command is executed.
19:41:30 INFO  : 'ps7_init' command is executed.
19:41:30 INFO  : 'ps7_post_config' command is executed.
19:41:30 INFO  : 'con' command is executed.
19:41:31 INFO  : Context for processor 'ps7_cortexa9_0' is selected.
19:41:31 INFO  : Processor reset is completed for 'ps7_cortexa9_0'.
19:41:31 INFO  : Context for processor 'ps7_cortexa9_0' is selected.
19:41:32 INFO  : The application '/home/chathura/Desktop/maxi_final_180113/maxi_vivado_180113/maxi_vivado_180113.sdk/test/Debug/test.elf' is downloaded to processor 'ps7_cortexa9_0'.
19:41:32 INFO  : ----------------XSDB Script----------------
connect -url tcp:127.0.0.1:3121
source /home/chathura/Desktop/maxi_final_180113/maxi_vivado_180113/maxi_vivado_180113.sdk/design_1_wrapper_hw_platform_0/ps7_init.tcl
targets -set -filter {name =~"APU" && jtag_cable_name =~ "Digilent JTAG-SMT1 210203823914A"} -index 0
loadhw /home/chathura/Desktop/maxi_final_180113/maxi_vivado_180113/maxi_vivado_180113.sdk/design_1_wrapper_hw_platform_0/system.hdf
targets -set -filter {name =~"APU" && jtag_cable_name =~ "Digilent JTAG-SMT1 210203823914A"} -index 0
stop
ps7_init
ps7_post_config
con
targets -set -nocase -filter {name =~ "ARM*#0" && jtag_cable_name =~ "Digilent JTAG-SMT1 210203823914A"} -index 0
rst -processor
targets -set -nocase -filter {name =~ "ARM*#0" && jtag_cable_name =~ "Digilent JTAG-SMT1 210203823914A"} -index 0
dow /home/chathura/Desktop/maxi_final_180113/maxi_vivado_180113/maxi_vivado_180113.sdk/test/Debug/test.elf
----------------End of Script----------------

19:41:32 INFO  : Memory regions updated for context APU
19:41:32 INFO  : Context for processor 'ps7_cortexa9_0' is selected.
19:41:32 INFO  : 'con' command is executed.
19:41:32 INFO  : ----------------XSDB Script (After Launch)----------------
targets -set -nocase -filter {name =~ "ARM*#0" && jtag_cable_name =~ "Digilent JTAG-SMT1 210203823914A"} -index 0
con
----------------End of Script----------------

19:42:21 INFO  : Disconnected from the channel tcfchan#1.
19:42:21 INFO  : 'targets -set -filter {jtag_cable_name =~ "Digilent JTAG-SMT1 210203823914A" && level==0} -index 1' command is executed.
19:42:21 INFO  : 'fpga -state' command is executed.
19:42:21 INFO  : Connected to target on host '127.0.0.1' and port '3121'.
19:42:22 INFO  : Sourcing of '/home/chathura/Desktop/maxi_final_180113/maxi_vivado_180113/maxi_vivado_180113.sdk/design_1_wrapper_hw_platform_0/ps7_init.tcl' is done.
19:42:22 INFO  : 'targets -set -filter {name =~"APU" && jtag_cable_name =~ "Digilent JTAG-SMT1 210203823914A"} -index 0' command is executed.
19:42:22 INFO  : Hardware design information is loaded from '/home/chathura/Desktop/maxi_final_180113/maxi_vivado_180113/maxi_vivado_180113.sdk/design_1_wrapper_hw_platform_0/system.hdf'.
19:42:22 INFO  : 'targets -set -filter {name =~"APU" && jtag_cable_name =~ "Digilent JTAG-SMT1 210203823914A"} -index 0' command is executed.
19:42:22 INFO  : 'stop' command is executed.
19:42:23 INFO  : 'ps7_init' command is executed.
19:42:23 INFO  : 'ps7_post_config' command is executed.
19:42:23 INFO  : 'con' command is executed.
19:42:23 INFO  : Context for processor 'ps7_cortexa9_0' is selected.
19:42:24 INFO  : Processor reset is completed for 'ps7_cortexa9_0'.
19:42:24 INFO  : Context for processor 'ps7_cortexa9_0' is selected.
19:42:25 INFO  : The application '/home/chathura/Desktop/maxi_final_180113/maxi_vivado_180113/maxi_vivado_180113.sdk/test/Debug/test.elf' is downloaded to processor 'ps7_cortexa9_0'.
19:42:25 INFO  : ----------------XSDB Script----------------
connect -url tcp:127.0.0.1:3121
source /home/chathura/Desktop/maxi_final_180113/maxi_vivado_180113/maxi_vivado_180113.sdk/design_1_wrapper_hw_platform_0/ps7_init.tcl
targets -set -filter {name =~"APU" && jtag_cable_name =~ "Digilent JTAG-SMT1 210203823914A"} -index 0
loadhw /home/chathura/Desktop/maxi_final_180113/maxi_vivado_180113/maxi_vivado_180113.sdk/design_1_wrapper_hw_platform_0/system.hdf
targets -set -filter {name =~"APU" && jtag_cable_name =~ "Digilent JTAG-SMT1 210203823914A"} -index 0
stop
ps7_init
ps7_post_config
con
targets -set -nocase -filter {name =~ "ARM*#0" && jtag_cable_name =~ "Digilent JTAG-SMT1 210203823914A"} -index 0
rst -processor
targets -set -nocase -filter {name =~ "ARM*#0" && jtag_cable_name =~ "Digilent JTAG-SMT1 210203823914A"} -index 0
dow /home/chathura/Desktop/maxi_final_180113/maxi_vivado_180113/maxi_vivado_180113.sdk/test/Debug/test.elf
----------------End of Script----------------

19:42:25 INFO  : Memory regions updated for context APU
19:42:25 INFO  : Context for processor 'ps7_cortexa9_0' is selected.
19:42:25 INFO  : 'con' command is executed.
19:42:25 INFO  : ----------------XSDB Script (After Launch)----------------
targets -set -nocase -filter {name =~ "ARM*#0" && jtag_cable_name =~ "Digilent JTAG-SMT1 210203823914A"} -index 0
con
----------------End of Script----------------

19:45:10 INFO  : Disconnected from the channel tcfchan#2.
19:45:11 INFO  : 'targets -set -filter {jtag_cable_name =~ "Digilent JTAG-SMT1 210203823914A" && level==0} -index 1' command is executed.
19:45:11 INFO  : 'fpga -state' command is executed.
19:45:11 INFO  : Connected to target on host '127.0.0.1' and port '3121'.
19:45:11 INFO  : Sourcing of '/home/chathura/Desktop/maxi_final_180113/maxi_vivado_180113/maxi_vivado_180113.sdk/design_1_wrapper_hw_platform_0/ps7_init.tcl' is done.
19:45:11 INFO  : 'targets -set -filter {name =~"APU" && jtag_cable_name =~ "Digilent JTAG-SMT1 210203823914A"} -index 0' command is executed.
19:45:11 INFO  : Hardware design information is loaded from '/home/chathura/Desktop/maxi_final_180113/maxi_vivado_180113/maxi_vivado_180113.sdk/design_1_wrapper_hw_platform_0/system.hdf'.
19:45:12 INFO  : 'targets -set -filter {name =~"APU" && jtag_cable_name =~ "Digilent JTAG-SMT1 210203823914A"} -index 0' command is executed.
19:45:12 INFO  : 'stop' command is executed.
19:45:12 INFO  : 'ps7_init' command is executed.
19:45:12 INFO  : 'ps7_post_config' command is executed.
19:45:12 INFO  : 'con' command is executed.
19:45:13 INFO  : Context for processor 'ps7_cortexa9_0' is selected.
19:45:13 INFO  : Processor reset is completed for 'ps7_cortexa9_0'.
19:45:13 INFO  : Context for processor 'ps7_cortexa9_0' is selected.
19:45:14 INFO  : The application '/home/chathura/Desktop/maxi_final_180113/maxi_vivado_180113/maxi_vivado_180113.sdk/test/Debug/test.elf' is downloaded to processor 'ps7_cortexa9_0'.
19:45:14 INFO  : ----------------XSDB Script----------------
connect -url tcp:127.0.0.1:3121
source /home/chathura/Desktop/maxi_final_180113/maxi_vivado_180113/maxi_vivado_180113.sdk/design_1_wrapper_hw_platform_0/ps7_init.tcl
targets -set -filter {name =~"APU" && jtag_cable_name =~ "Digilent JTAG-SMT1 210203823914A"} -index 0
loadhw /home/chathura/Desktop/maxi_final_180113/maxi_vivado_180113/maxi_vivado_180113.sdk/design_1_wrapper_hw_platform_0/system.hdf
targets -set -filter {name =~"APU" && jtag_cable_name =~ "Digilent JTAG-SMT1 210203823914A"} -index 0
stop
ps7_init
ps7_post_config
con
targets -set -nocase -filter {name =~ "ARM*#0" && jtag_cable_name =~ "Digilent JTAG-SMT1 210203823914A"} -index 0
rst -processor
targets -set -nocase -filter {name =~ "ARM*#0" && jtag_cable_name =~ "Digilent JTAG-SMT1 210203823914A"} -index 0
dow /home/chathura/Desktop/maxi_final_180113/maxi_vivado_180113/maxi_vivado_180113.sdk/test/Debug/test.elf
----------------End of Script----------------

19:45:14 INFO  : Memory regions updated for context APU
19:45:14 INFO  : Context for processor 'ps7_cortexa9_0' is selected.
19:45:14 INFO  : 'con' command is executed.
19:45:14 INFO  : ----------------XSDB Script (After Launch)----------------
targets -set -nocase -filter {name =~ "ARM*#0" && jtag_cable_name =~ "Digilent JTAG-SMT1 210203823914A"} -index 0
con
----------------End of Script----------------

19:49:04 INFO  : Connected to target on host '127.0.0.1' and port '3121'.
19:49:04 INFO  : 'targets -set -filter {jtag_cable_name =~ "Digilent JTAG-SMT1 210203823914A" && level==0} -index 1' command is executed.
19:49:07 INFO  : FPGA configured successfully with bitstream "/home/chathura/Desktop/maxi_final_180113/maxi_vivado_180113/maxi_vivado_180113.sdk/design_1_wrapper_hw_platform_0/design_1_wrapper.bit"
19:49:17 INFO  : Disconnected from the channel tcfchan#3.
19:49:17 INFO  : 'targets -set -filter {jtag_cable_name =~ "Digilent JTAG-SMT1 210203823914A" && level==0} -index 1' command is executed.
19:49:17 INFO  : 'fpga -state' command is executed.
19:49:17 INFO  : Connected to target on host '127.0.0.1' and port '3121'.
19:49:18 INFO  : Sourcing of '/home/chathura/Desktop/maxi_final_180113/maxi_vivado_180113/maxi_vivado_180113.sdk/design_1_wrapper_hw_platform_0/ps7_init.tcl' is done.
19:49:18 INFO  : 'targets -set -filter {name =~"APU" && jtag_cable_name =~ "Digilent JTAG-SMT1 210203823914A"} -index 0' command is executed.
19:49:18 INFO  : Hardware design information is loaded from '/home/chathura/Desktop/maxi_final_180113/maxi_vivado_180113/maxi_vivado_180113.sdk/design_1_wrapper_hw_platform_0/system.hdf'.
19:49:18 INFO  : 'targets -set -filter {name =~"APU" && jtag_cable_name =~ "Digilent JTAG-SMT1 210203823914A"} -index 0' command is executed.
19:49:18 INFO  : 'stop' command is executed.
19:49:19 INFO  : 'ps7_init' command is executed.
19:49:19 INFO  : 'ps7_post_config' command is executed.
19:49:19 INFO  : 'con' command is executed.
19:49:19 INFO  : Context for processor 'ps7_cortexa9_0' is selected.
19:49:19 INFO  : Processor reset is completed for 'ps7_cortexa9_0'.
19:49:20 INFO  : Context for processor 'ps7_cortexa9_0' is selected.
19:49:20 INFO  : The application '/home/chathura/Desktop/maxi_final_180113/maxi_vivado_180113/maxi_vivado_180113.sdk/test/Debug/test.elf' is downloaded to processor 'ps7_cortexa9_0'.
19:49:20 INFO  : ----------------XSDB Script----------------
connect -url tcp:127.0.0.1:3121
source /home/chathura/Desktop/maxi_final_180113/maxi_vivado_180113/maxi_vivado_180113.sdk/design_1_wrapper_hw_platform_0/ps7_init.tcl
targets -set -filter {name =~"APU" && jtag_cable_name =~ "Digilent JTAG-SMT1 210203823914A"} -index 0
loadhw /home/chathura/Desktop/maxi_final_180113/maxi_vivado_180113/maxi_vivado_180113.sdk/design_1_wrapper_hw_platform_0/system.hdf
targets -set -filter {name =~"APU" && jtag_cable_name =~ "Digilent JTAG-SMT1 210203823914A"} -index 0
stop
ps7_init
ps7_post_config
con
targets -set -nocase -filter {name =~ "ARM*#0" && jtag_cable_name =~ "Digilent JTAG-SMT1 210203823914A"} -index 0
rst -processor
targets -set -nocase -filter {name =~ "ARM*#0" && jtag_cable_name =~ "Digilent JTAG-SMT1 210203823914A"} -index 0
dow /home/chathura/Desktop/maxi_final_180113/maxi_vivado_180113/maxi_vivado_180113.sdk/test/Debug/test.elf
----------------End of Script----------------

19:49:20 INFO  : Memory regions updated for context APU
19:49:21 INFO  : Context for processor 'ps7_cortexa9_0' is selected.
19:49:21 INFO  : 'con' command is executed.
19:49:21 INFO  : ----------------XSDB Script (After Launch)----------------
targets -set -nocase -filter {name =~ "ARM*#0" && jtag_cable_name =~ "Digilent JTAG-SMT1 210203823914A"} -index 0
con
----------------End of Script----------------

19:50:05 INFO  : Disconnected from the channel tcfchan#4.
19:50:05 INFO  : 'targets -set -filter {jtag_cable_name =~ "Digilent JTAG-SMT1 210203823914A" && level==0} -index 1' command is executed.
19:50:05 INFO  : 'fpga -state' command is executed.
19:50:05 INFO  : Connected to target on host '127.0.0.1' and port '3121'.
19:50:05 INFO  : Sourcing of '/home/chathura/Desktop/maxi_final_180113/maxi_vivado_180113/maxi_vivado_180113.sdk/design_1_wrapper_hw_platform_0/ps7_init.tcl' is done.
19:50:06 INFO  : 'targets -set -filter {name =~"APU" && jtag_cable_name =~ "Digilent JTAG-SMT1 210203823914A"} -index 0' command is executed.
19:50:06 INFO  : Hardware design information is loaded from '/home/chathura/Desktop/maxi_final_180113/maxi_vivado_180113/maxi_vivado_180113.sdk/design_1_wrapper_hw_platform_0/system.hdf'.
19:50:06 INFO  : 'targets -set -filter {name =~"APU" && jtag_cable_name =~ "Digilent JTAG-SMT1 210203823914A"} -index 0' command is executed.
19:50:06 INFO  : 'stop' command is executed.
19:50:07 INFO  : 'ps7_init' command is executed.
19:50:07 INFO  : 'ps7_post_config' command is executed.
19:50:07 INFO  : 'con' command is executed.
19:50:07 INFO  : Context for processor 'ps7_cortexa9_0' is selected.
19:50:07 INFO  : Processor reset is completed for 'ps7_cortexa9_0'.
19:50:07 INFO  : Context for processor 'ps7_cortexa9_0' is selected.
19:50:08 INFO  : The application '/home/chathura/Desktop/maxi_final_180113/maxi_vivado_180113/maxi_vivado_180113.sdk/test/Debug/test.elf' is downloaded to processor 'ps7_cortexa9_0'.
19:50:08 INFO  : ----------------XSDB Script----------------
connect -url tcp:127.0.0.1:3121
source /home/chathura/Desktop/maxi_final_180113/maxi_vivado_180113/maxi_vivado_180113.sdk/design_1_wrapper_hw_platform_0/ps7_init.tcl
targets -set -filter {name =~"APU" && jtag_cable_name =~ "Digilent JTAG-SMT1 210203823914A"} -index 0
loadhw /home/chathura/Desktop/maxi_final_180113/maxi_vivado_180113/maxi_vivado_180113.sdk/design_1_wrapper_hw_platform_0/system.hdf
targets -set -filter {name =~"APU" && jtag_cable_name =~ "Digilent JTAG-SMT1 210203823914A"} -index 0
stop
ps7_init
ps7_post_config
con
targets -set -nocase -filter {name =~ "ARM*#0" && jtag_cable_name =~ "Digilent JTAG-SMT1 210203823914A"} -index 0
rst -processor
targets -set -nocase -filter {name =~ "ARM*#0" && jtag_cable_name =~ "Digilent JTAG-SMT1 210203823914A"} -index 0
dow /home/chathura/Desktop/maxi_final_180113/maxi_vivado_180113/maxi_vivado_180113.sdk/test/Debug/test.elf
----------------End of Script----------------

19:50:09 INFO  : Memory regions updated for context APU
19:50:10 INFO  : Context for processor 'ps7_cortexa9_0' is selected.
19:50:10 INFO  : 'con' command is executed.
19:50:10 INFO  : ----------------XSDB Script (After Launch)----------------
targets -set -nocase -filter {name =~ "ARM*#0" && jtag_cable_name =~ "Digilent JTAG-SMT1 210203823914A"} -index 0
con
----------------End of Script----------------

19:56:15 INFO  : Connected to target on host '127.0.0.1' and port '3121'.
19:56:19 INFO  : 'targets -set -filter {jtag_cable_name =~ "Digilent JTAG-SMT1 210203823914A" && level==0} -index 1' command is executed.
19:56:31 INFO  : FPGA configured successfully with bitstream "/home/chathura/Desktop/maxi_final_180113/maxi_vivado_180113/maxi_vivado_180113.sdk/design_1_wrapper_hw_platform_0/design_1_wrapper.bit"
19:57:16 INFO  : Disconnected from the channel tcfchan#5.
19:57:17 INFO  : 'targets -set -filter {jtag_cable_name =~ "Digilent JTAG-SMT1 210203823914A" && level==0} -index 1' command is executed.
19:57:17 INFO  : 'fpga -state' command is executed.
19:57:17 INFO  : Connected to target on host '127.0.0.1' and port '3121'.
19:57:19 INFO  : Sourcing of '/home/chathura/Desktop/maxi_final_180113/maxi_vivado_180113/maxi_vivado_180113.sdk/design_1_wrapper_hw_platform_0/ps7_init.tcl' is done.
19:57:19 INFO  : 'targets -set -filter {name =~"APU" && jtag_cable_name =~ "Digilent JTAG-SMT1 210203823914A"} -index 0' command is executed.
19:57:19 INFO  : Hardware design information is loaded from '/home/chathura/Desktop/maxi_final_180113/maxi_vivado_180113/maxi_vivado_180113.sdk/design_1_wrapper_hw_platform_0/system.hdf'.
19:57:19 INFO  : 'targets -set -filter {name =~"APU" && jtag_cable_name =~ "Digilent JTAG-SMT1 210203823914A"} -index 0' command is executed.
19:57:20 INFO  : 'stop' command is executed.
19:57:20 INFO  : 'ps7_init' command is executed.
19:57:20 INFO  : 'ps7_post_config' command is executed.
19:57:20 INFO  : 'con' command is executed.
19:57:20 INFO  : Context for processor 'ps7_cortexa9_0' is selected.
19:57:21 INFO  : Processor reset is completed for 'ps7_cortexa9_0'.
19:57:21 INFO  : Context for processor 'ps7_cortexa9_0' is selected.
19:57:22 INFO  : The application '/home/chathura/Desktop/maxi_final_180113/maxi_vivado_180113/maxi_vivado_180113.sdk/test/Debug/test.elf' is downloaded to processor 'ps7_cortexa9_0'.
19:57:22 INFO  : ----------------XSDB Script----------------
connect -url tcp:127.0.0.1:3121
source /home/chathura/Desktop/maxi_final_180113/maxi_vivado_180113/maxi_vivado_180113.sdk/design_1_wrapper_hw_platform_0/ps7_init.tcl
targets -set -filter {name =~"APU" && jtag_cable_name =~ "Digilent JTAG-SMT1 210203823914A"} -index 0
loadhw /home/chathura/Desktop/maxi_final_180113/maxi_vivado_180113/maxi_vivado_180113.sdk/design_1_wrapper_hw_platform_0/system.hdf
targets -set -filter {name =~"APU" && jtag_cable_name =~ "Digilent JTAG-SMT1 210203823914A"} -index 0
stop
ps7_init
ps7_post_config
con
targets -set -nocase -filter {name =~ "ARM*#0" && jtag_cable_name =~ "Digilent JTAG-SMT1 210203823914A"} -index 0
rst -processor
targets -set -nocase -filter {name =~ "ARM*#0" && jtag_cable_name =~ "Digilent JTAG-SMT1 210203823914A"} -index 0
dow /home/chathura/Desktop/maxi_final_180113/maxi_vivado_180113/maxi_vivado_180113.sdk/test/Debug/test.elf
----------------End of Script----------------

19:57:23 INFO  : Memory regions updated for context APU
19:57:23 INFO  : Context for processor 'ps7_cortexa9_0' is selected.
19:57:23 INFO  : 'con' command is executed.
19:57:23 INFO  : ----------------XSDB Script (After Launch)----------------
targets -set -nocase -filter {name =~ "ARM*#0" && jtag_cable_name =~ "Digilent JTAG-SMT1 210203823914A"} -index 0
con
----------------End of Script----------------

20:04:12 INFO  : Disconnected from the channel tcfchan#6.
20:34:09 INFO  : Launching XSDB server: xsdb -n /opt/Xilinx/SDK/2015.4/scripts/xsdb/xsdb/xsdb-server.tcl
20:34:17 INFO  : Launching XSDB server: xsdb -n /opt/Xilinx/SDK/2015.4/scripts/xsdb/xsdb/xsdb-server.tcl
20:34:19 INFO  : XSDB server has started successfully.
20:34:52 INFO  : Launching XSDB server: xsdb -n /opt/Xilinx/SDK/2015.4/scripts/xsdb/xsdb/xsdb-server.tcl
20:34:53 INFO  : XSDB server has started successfully.
20:35:37 INFO  : SDK has detected change in the last modified timestamps for source hardware specification file Source:1515855614000,  Project:1515845029000
20:35:37 INFO  : Project design_1_wrapper_hw_platform_0's source hardware specification located at /home/chathura/Desktop/maxi_final_180113/maxi_vivado_180113/maxi_vivado_180113.sdk/design_1_wrapper.hdf is now different from the local copy.
		 The local copy will be replaced with the source specification and your workspace will be updated.
20:35:43 INFO  : Copied contents of /home/chathura/Desktop/maxi_final_180113/maxi_vivado_180113/maxi_vivado_180113.sdk/design_1_wrapper.hdf into /design_1_wrapper_hw_platform_0/system.hdf.
20:35:48 INFO  : Synchronizing projects in the workspace with the hardware platform specification changes.
20:35:49 ERROR : (XSDB Server)ERROR: [Hsi 55-1433] Error boost::filesystem::directory_iterator::construct: Permission denied: "/tmp/systemd-private-dea0c9badd6242b48e0e840dd3980efb-rtkit-daemon.service-L2vLZy"

20:35:49 ERROR : (XSDB Server)ERROR: [Hsi 55-1433] Error boost::filesystem::directory_iterator::construct: Permission denied: "/tmp/systemd-private-dea0c9badd6242b48e0e840dd3980efb-systemd-timesyncd.service-Nar5DU"

20:35:50 ERROR : (XSDB Server)ERROR: [Hsi 55-1433] Error boost::filesystem::directory_iterator::construct: Permission denied: "/tmp/systemd-private-dea0c9badd6242b48e0e840dd3980efb-colord.service-5vPdfq"

20:35:50 ERROR : Failed to call sync_sw_with_hw_change
Reason: ERROR: [Common 17-39] 'hsi::open_sw_design' failed due to earlier errors.

20:35:50 ERROR : Error updating BSP project MSS files.
20:35:51 INFO  : Updating hardware inferred compiler options for test.
20:35:51 INFO  : Clearing existing target manager status.
20:37:13 INFO  : Project 'new_hw' created. You can now create BSPs and application projects targeting this hardware platform.
20:38:17 ERROR : (XSDB Server)ERROR: [Hsi 55-1558] Software Design system system is not found

20:38:17 ERROR :  [Common 17-39] 'hsi::current_sw_design' failed due to earlier errors.
20:38:17 ERROR : (XSDB Server)ERROR: [Hsi 55-1558] Software Design system system is not found

20:38:17 INFO  : Unable to read in MSS file /home/chathura/Desktop/maxi_final_180113/maxi_vivado_180113/maxi_vivado_180113.sdk/test_bsp/system.mss : null
20:39:40 INFO  : Connected to target on host '127.0.0.1' and port '3121'.
20:39:40 INFO  : 'targets -set -filter {jtag_cable_name =~ "Digilent JTAG-SMT1 210203823914A" && level==0} -index 1' command is executed.
20:39:47 INFO  : FPGA configured successfully with bitstream "/home/chathura/Desktop/maxi_final_180113/maxi_vivado_180113/maxi_vivado_180113.sdk/new_hw/design_1_wrapper.bit"
20:40:11 INFO  : 'targets -set -filter {jtag_cable_name =~ "Digilent JTAG-SMT1 210203823914A" && level==0} -index 1' command is executed.
20:40:11 INFO  : 'fpga -state' command is executed.
20:40:11 INFO  : Connected to target on host '127.0.0.1' and port '3121'.
20:40:11 INFO  : Sourcing of '/home/chathura/Desktop/maxi_final_180113/maxi_vivado_180113/maxi_vivado_180113.sdk/new_hw/ps7_init.tcl' is done.
20:40:11 INFO  : 'targets -set -filter {name =~"APU" && jtag_cable_name =~ "Digilent JTAG-SMT1 210203823914A"} -index 0' command is executed.
20:40:12 INFO  : Hardware design information is loaded from '/home/chathura/Desktop/maxi_final_180113/maxi_vivado_180113/maxi_vivado_180113.sdk/new_hw/system.hdf'.
20:40:12 INFO  : 'targets -set -filter {name =~"APU" && jtag_cable_name =~ "Digilent JTAG-SMT1 210203823914A"} -index 0' command is executed.
20:40:12 INFO  : 'stop' command is executed.
20:40:12 INFO  : 'ps7_init' command is executed.
20:40:12 INFO  : 'ps7_post_config' command is executed.
20:40:13 INFO  : 'con' command is executed.
20:40:13 INFO  : Context for processor 'ps7_cortexa9_0' is selected.
20:40:13 INFO  : Processor reset is completed for 'ps7_cortexa9_0'.
20:40:13 INFO  : Context for processor 'ps7_cortexa9_0' is selected.
20:40:14 INFO  : The application '/home/chathura/Desktop/maxi_final_180113/maxi_vivado_180113/maxi_vivado_180113.sdk/test/Debug/test.elf' is downloaded to processor 'ps7_cortexa9_0'.
20:40:14 INFO  : ----------------XSDB Script----------------
connect -url tcp:127.0.0.1:3121
source /home/chathura/Desktop/maxi_final_180113/maxi_vivado_180113/maxi_vivado_180113.sdk/new_hw/ps7_init.tcl
targets -set -filter {name =~"APU" && jtag_cable_name =~ "Digilent JTAG-SMT1 210203823914A"} -index 0
loadhw /home/chathura/Desktop/maxi_final_180113/maxi_vivado_180113/maxi_vivado_180113.sdk/new_hw/system.hdf
targets -set -filter {name =~"APU" && jtag_cable_name =~ "Digilent JTAG-SMT1 210203823914A"} -index 0
stop
ps7_init
ps7_post_config
con
targets -set -nocase -filter {name =~ "ARM*#0" && jtag_cable_name =~ "Digilent JTAG-SMT1 210203823914A"} -index 0
rst -processor
targets -set -nocase -filter {name =~ "ARM*#0" && jtag_cable_name =~ "Digilent JTAG-SMT1 210203823914A"} -index 0
dow /home/chathura/Desktop/maxi_final_180113/maxi_vivado_180113/maxi_vivado_180113.sdk/test/Debug/test.elf
----------------End of Script----------------

20:40:14 INFO  : Memory regions updated for context APU
20:40:14 INFO  : Context for processor 'ps7_cortexa9_0' is selected.
20:40:14 INFO  : 'con' command is executed.
20:40:14 INFO  : ----------------XSDB Script (After Launch)----------------
targets -set -nocase -filter {name =~ "ARM*#0" && jtag_cable_name =~ "Digilent JTAG-SMT1 210203823914A"} -index 0
con
----------------End of Script----------------

20:41:17 INFO  : Disconnected from the channel tcfchan#1.
20:41:17 INFO  : 'targets -set -filter {jtag_cable_name =~ "Digilent JTAG-SMT1 210203823914A" && level==0} -index 1' command is executed.
20:41:17 INFO  : 'fpga -state' command is executed.
20:41:17 INFO  : Connected to target on host '127.0.0.1' and port '3121'.
20:41:18 INFO  : Sourcing of '/home/chathura/Desktop/maxi_final_180113/maxi_vivado_180113/maxi_vivado_180113.sdk/new_hw/ps7_init.tcl' is done.
20:41:18 INFO  : 'targets -set -filter {name =~"APU" && jtag_cable_name =~ "Digilent JTAG-SMT1 210203823914A"} -index 0' command is executed.
20:41:18 INFO  : Hardware design information is loaded from '/home/chathura/Desktop/maxi_final_180113/maxi_vivado_180113/maxi_vivado_180113.sdk/new_hw/system.hdf'.
20:41:18 INFO  : 'targets -set -filter {name =~"APU" && jtag_cable_name =~ "Digilent JTAG-SMT1 210203823914A"} -index 0' command is executed.
20:41:18 INFO  : 'stop' command is executed.
20:41:19 INFO  : 'ps7_init' command is executed.
20:41:19 INFO  : 'ps7_post_config' command is executed.
20:41:19 INFO  : 'con' command is executed.
20:41:19 INFO  : Context for processor 'ps7_cortexa9_0' is selected.
20:41:20 INFO  : Processor reset is completed for 'ps7_cortexa9_0'.
20:41:20 INFO  : Context for processor 'ps7_cortexa9_0' is selected.
20:41:21 INFO  : The application '/home/chathura/Desktop/maxi_final_180113/maxi_vivado_180113/maxi_vivado_180113.sdk/test/Debug/test.elf' is downloaded to processor 'ps7_cortexa9_0'.
20:41:21 INFO  : ----------------XSDB Script----------------
connect -url tcp:127.0.0.1:3121
source /home/chathura/Desktop/maxi_final_180113/maxi_vivado_180113/maxi_vivado_180113.sdk/new_hw/ps7_init.tcl
targets -set -filter {name =~"APU" && jtag_cable_name =~ "Digilent JTAG-SMT1 210203823914A"} -index 0
loadhw /home/chathura/Desktop/maxi_final_180113/maxi_vivado_180113/maxi_vivado_180113.sdk/new_hw/system.hdf
targets -set -filter {name =~"APU" && jtag_cable_name =~ "Digilent JTAG-SMT1 210203823914A"} -index 0
stop
ps7_init
ps7_post_config
con
targets -set -nocase -filter {name =~ "ARM*#0" && jtag_cable_name =~ "Digilent JTAG-SMT1 210203823914A"} -index 0
rst -processor
targets -set -nocase -filter {name =~ "ARM*#0" && jtag_cable_name =~ "Digilent JTAG-SMT1 210203823914A"} -index 0
dow /home/chathura/Desktop/maxi_final_180113/maxi_vivado_180113/maxi_vivado_180113.sdk/test/Debug/test.elf
----------------End of Script----------------

20:41:21 INFO  : Memory regions updated for context APU
20:41:21 INFO  : Context for processor 'ps7_cortexa9_0' is selected.
20:41:21 INFO  : 'con' command is executed.
20:41:21 INFO  : ----------------XSDB Script (After Launch)----------------
targets -set -nocase -filter {name =~ "ARM*#0" && jtag_cable_name =~ "Digilent JTAG-SMT1 210203823914A"} -index 0
con
----------------End of Script----------------

20:43:39 INFO  : Disconnected from the channel tcfchan#2.
20:43:39 INFO  : 'targets -set -filter {jtag_cable_name =~ "Digilent JTAG-SMT1 210203823914A" && level==0} -index 1' command is executed.
20:43:40 INFO  : 'fpga -state' command is executed.
20:43:40 INFO  : Connected to target on host '127.0.0.1' and port '3121'.
20:43:40 INFO  : Sourcing of '/home/chathura/Desktop/maxi_final_180113/maxi_vivado_180113/maxi_vivado_180113.sdk/new_hw/ps7_init.tcl' is done.
20:43:40 INFO  : 'targets -set -filter {name =~"APU" && jtag_cable_name =~ "Digilent JTAG-SMT1 210203823914A"} -index 0' command is executed.
20:43:40 INFO  : Hardware design information is loaded from '/home/chathura/Desktop/maxi_final_180113/maxi_vivado_180113/maxi_vivado_180113.sdk/new_hw/system.hdf'.
20:43:41 INFO  : 'targets -set -filter {name =~"APU" && jtag_cable_name =~ "Digilent JTAG-SMT1 210203823914A"} -index 0' command is executed.
20:43:41 INFO  : 'stop' command is executed.
20:43:41 INFO  : 'ps7_init' command is executed.
20:43:41 INFO  : 'ps7_post_config' command is executed.
20:43:41 INFO  : 'con' command is executed.
20:43:42 INFO  : Context for processor 'ps7_cortexa9_0' is selected.
20:43:42 INFO  : Processor reset is completed for 'ps7_cortexa9_0'.
20:43:42 INFO  : Context for processor 'ps7_cortexa9_0' is selected.
20:43:43 INFO  : The application '/home/chathura/Desktop/maxi_final_180113/maxi_vivado_180113/maxi_vivado_180113.sdk/test/Debug/test.elf' is downloaded to processor 'ps7_cortexa9_0'.
20:43:43 INFO  : ----------------XSDB Script----------------
connect -url tcp:127.0.0.1:3121
source /home/chathura/Desktop/maxi_final_180113/maxi_vivado_180113/maxi_vivado_180113.sdk/new_hw/ps7_init.tcl
targets -set -filter {name =~"APU" && jtag_cable_name =~ "Digilent JTAG-SMT1 210203823914A"} -index 0
loadhw /home/chathura/Desktop/maxi_final_180113/maxi_vivado_180113/maxi_vivado_180113.sdk/new_hw/system.hdf
targets -set -filter {name =~"APU" && jtag_cable_name =~ "Digilent JTAG-SMT1 210203823914A"} -index 0
stop
ps7_init
ps7_post_config
con
targets -set -nocase -filter {name =~ "ARM*#0" && jtag_cable_name =~ "Digilent JTAG-SMT1 210203823914A"} -index 0
rst -processor
targets -set -nocase -filter {name =~ "ARM*#0" && jtag_cable_name =~ "Digilent JTAG-SMT1 210203823914A"} -index 0
dow /home/chathura/Desktop/maxi_final_180113/maxi_vivado_180113/maxi_vivado_180113.sdk/test/Debug/test.elf
----------------End of Script----------------

20:43:43 INFO  : Memory regions updated for context APU
20:43:43 INFO  : Context for processor 'ps7_cortexa9_0' is selected.
20:43:43 INFO  : 'con' command is executed.
20:43:43 INFO  : ----------------XSDB Script (After Launch)----------------
targets -set -nocase -filter {name =~ "ARM*#0" && jtag_cable_name =~ "Digilent JTAG-SMT1 210203823914A"} -index 0
con
----------------End of Script----------------

20:44:27 INFO  : Disconnected from the channel tcfchan#3.
20:44:27 INFO  : 'targets -set -filter {jtag_cable_name =~ "Digilent JTAG-SMT1 210203823914A" && level==0} -index 1' command is executed.
20:44:28 INFO  : 'fpga -state' command is executed.
20:44:28 INFO  : Connected to target on host '127.0.0.1' and port '3121'.
20:44:28 INFO  : Sourcing of '/home/chathura/Desktop/maxi_final_180113/maxi_vivado_180113/maxi_vivado_180113.sdk/new_hw/ps7_init.tcl' is done.
20:44:28 INFO  : 'targets -set -filter {name =~"APU" && jtag_cable_name =~ "Digilent JTAG-SMT1 210203823914A"} -index 0' command is executed.
20:44:28 INFO  : Hardware design information is loaded from '/home/chathura/Desktop/maxi_final_180113/maxi_vivado_180113/maxi_vivado_180113.sdk/new_hw/system.hdf'.
20:44:29 INFO  : 'targets -set -filter {name =~"APU" && jtag_cable_name =~ "Digilent JTAG-SMT1 210203823914A"} -index 0' command is executed.
20:44:29 INFO  : 'stop' command is executed.
20:44:29 INFO  : 'ps7_init' command is executed.
20:44:29 INFO  : 'ps7_post_config' command is executed.
20:44:29 INFO  : 'con' command is executed.
20:44:30 INFO  : Context for processor 'ps7_cortexa9_0' is selected.
20:44:30 INFO  : Processor reset is completed for 'ps7_cortexa9_0'.
20:44:30 INFO  : Context for processor 'ps7_cortexa9_0' is selected.
20:44:31 INFO  : The application '/home/chathura/Desktop/maxi_final_180113/maxi_vivado_180113/maxi_vivado_180113.sdk/test/Debug/test.elf' is downloaded to processor 'ps7_cortexa9_0'.
20:44:31 INFO  : ----------------XSDB Script----------------
connect -url tcp:127.0.0.1:3121
source /home/chathura/Desktop/maxi_final_180113/maxi_vivado_180113/maxi_vivado_180113.sdk/new_hw/ps7_init.tcl
targets -set -filter {name =~"APU" && jtag_cable_name =~ "Digilent JTAG-SMT1 210203823914A"} -index 0
loadhw /home/chathura/Desktop/maxi_final_180113/maxi_vivado_180113/maxi_vivado_180113.sdk/new_hw/system.hdf
targets -set -filter {name =~"APU" && jtag_cable_name =~ "Digilent JTAG-SMT1 210203823914A"} -index 0
stop
ps7_init
ps7_post_config
con
targets -set -nocase -filter {name =~ "ARM*#0" && jtag_cable_name =~ "Digilent JTAG-SMT1 210203823914A"} -index 0
rst -processor
targets -set -nocase -filter {name =~ "ARM*#0" && jtag_cable_name =~ "Digilent JTAG-SMT1 210203823914A"} -index 0
dow /home/chathura/Desktop/maxi_final_180113/maxi_vivado_180113/maxi_vivado_180113.sdk/test/Debug/test.elf
----------------End of Script----------------

20:44:31 INFO  : Memory regions updated for context APU
20:44:31 INFO  : Context for processor 'ps7_cortexa9_0' is selected.
20:44:31 INFO  : 'con' command is executed.
20:44:31 INFO  : ----------------XSDB Script (After Launch)----------------
targets -set -nocase -filter {name =~ "ARM*#0" && jtag_cable_name =~ "Digilent JTAG-SMT1 210203823914A"} -index 0
con
----------------End of Script----------------

20:56:58 INFO  : Disconnected from the channel tcfchan#4.
20:56:59 INFO  : 'targets -set -filter {jtag_cable_name =~ "Digilent JTAG-SMT1 210203823914A" && level==0} -index 1' command is executed.
20:56:59 INFO  : 'fpga -state' command is executed.
20:56:59 INFO  : Connected to target on host '127.0.0.1' and port '3121'.
20:56:59 INFO  : Sourcing of '/home/chathura/Desktop/maxi_final_180113/maxi_vivado_180113/maxi_vivado_180113.sdk/new_hw/ps7_init.tcl' is done.
20:57:00 INFO  : 'targets -set -filter {name =~"APU" && jtag_cable_name =~ "Digilent JTAG-SMT1 210203823914A"} -index 0' command is executed.
20:57:00 INFO  : Hardware design information is loaded from '/home/chathura/Desktop/maxi_final_180113/maxi_vivado_180113/maxi_vivado_180113.sdk/new_hw/system.hdf'.
20:57:00 INFO  : 'targets -set -filter {name =~"APU" && jtag_cable_name =~ "Digilent JTAG-SMT1 210203823914A"} -index 0' command is executed.
20:57:00 INFO  : 'stop' command is executed.
20:57:01 INFO  : 'ps7_init' command is executed.
20:57:01 INFO  : 'ps7_post_config' command is executed.
20:57:01 INFO  : 'con' command is executed.
20:57:01 INFO  : Context for processor 'ps7_cortexa9_0' is selected.
20:57:01 INFO  : Processor reset is completed for 'ps7_cortexa9_0'.
20:57:02 INFO  : Context for processor 'ps7_cortexa9_0' is selected.
20:57:02 INFO  : The application '/home/chathura/Desktop/maxi_final_180113/maxi_vivado_180113/maxi_vivado_180113.sdk/test/Debug/test.elf' is downloaded to processor 'ps7_cortexa9_0'.
20:57:02 INFO  : ----------------XSDB Script----------------
connect -url tcp:127.0.0.1:3121
source /home/chathura/Desktop/maxi_final_180113/maxi_vivado_180113/maxi_vivado_180113.sdk/new_hw/ps7_init.tcl
targets -set -filter {name =~"APU" && jtag_cable_name =~ "Digilent JTAG-SMT1 210203823914A"} -index 0
loadhw /home/chathura/Desktop/maxi_final_180113/maxi_vivado_180113/maxi_vivado_180113.sdk/new_hw/system.hdf
targets -set -filter {name =~"APU" && jtag_cable_name =~ "Digilent JTAG-SMT1 210203823914A"} -index 0
stop
ps7_init
ps7_post_config
con
targets -set -nocase -filter {name =~ "ARM*#0" && jtag_cable_name =~ "Digilent JTAG-SMT1 210203823914A"} -index 0
rst -processor
targets -set -nocase -filter {name =~ "ARM*#0" && jtag_cable_name =~ "Digilent JTAG-SMT1 210203823914A"} -index 0
dow /home/chathura/Desktop/maxi_final_180113/maxi_vivado_180113/maxi_vivado_180113.sdk/test/Debug/test.elf
----------------End of Script----------------

20:57:02 INFO  : Memory regions updated for context APU
20:57:02 INFO  : Context for processor 'ps7_cortexa9_0' is selected.
20:57:03 INFO  : 'con' command is executed.
20:57:03 INFO  : ----------------XSDB Script (After Launch)----------------
targets -set -nocase -filter {name =~ "ARM*#0" && jtag_cable_name =~ "Digilent JTAG-SMT1 210203823914A"} -index 0
con
----------------End of Script----------------

21:03:32 INFO  : Disconnected from the channel tcfchan#5.
21:03:32 INFO  : 'targets -set -filter {jtag_cable_name =~ "Digilent JTAG-SMT1 210203823914A" && level==0} -index 1' command is executed.
21:03:32 INFO  : 'fpga -state' command is executed.
21:03:33 INFO  : Connected to target on host '127.0.0.1' and port '3121'.
21:03:33 INFO  : Sourcing of '/home/chathura/Desktop/maxi_final_180113/maxi_vivado_180113/maxi_vivado_180113.sdk/new_hw/ps7_init.tcl' is done.
21:03:33 INFO  : 'targets -set -filter {name =~"APU" && jtag_cable_name =~ "Digilent JTAG-SMT1 210203823914A"} -index 0' command is executed.
21:03:33 INFO  : Hardware design information is loaded from '/home/chathura/Desktop/maxi_final_180113/maxi_vivado_180113/maxi_vivado_180113.sdk/new_hw/system.hdf'.
21:03:33 INFO  : 'targets -set -filter {name =~"APU" && jtag_cable_name =~ "Digilent JTAG-SMT1 210203823914A"} -index 0' command is executed.
21:03:34 INFO  : 'stop' command is executed.
21:03:34 INFO  : 'ps7_init' command is executed.
21:03:34 INFO  : 'ps7_post_config' command is executed.
21:03:34 INFO  : 'con' command is executed.
21:03:34 INFO  : Context for processor 'ps7_cortexa9_0' is selected.
21:03:35 INFO  : Processor reset is completed for 'ps7_cortexa9_0'.
21:03:35 INFO  : Context for processor 'ps7_cortexa9_0' is selected.
21:03:36 INFO  : The application '/home/chathura/Desktop/maxi_final_180113/maxi_vivado_180113/maxi_vivado_180113.sdk/test/Debug/test.elf' is downloaded to processor 'ps7_cortexa9_0'.
21:03:36 INFO  : ----------------XSDB Script----------------
connect -url tcp:127.0.0.1:3121
source /home/chathura/Desktop/maxi_final_180113/maxi_vivado_180113/maxi_vivado_180113.sdk/new_hw/ps7_init.tcl
targets -set -filter {name =~"APU" && jtag_cable_name =~ "Digilent JTAG-SMT1 210203823914A"} -index 0
loadhw /home/chathura/Desktop/maxi_final_180113/maxi_vivado_180113/maxi_vivado_180113.sdk/new_hw/system.hdf
targets -set -filter {name =~"APU" && jtag_cable_name =~ "Digilent JTAG-SMT1 210203823914A"} -index 0
stop
ps7_init
ps7_post_config
con
targets -set -nocase -filter {name =~ "ARM*#0" && jtag_cable_name =~ "Digilent JTAG-SMT1 210203823914A"} -index 0
rst -processor
targets -set -nocase -filter {name =~ "ARM*#0" && jtag_cable_name =~ "Digilent JTAG-SMT1 210203823914A"} -index 0
dow /home/chathura/Desktop/maxi_final_180113/maxi_vivado_180113/maxi_vivado_180113.sdk/test/Debug/test.elf
----------------End of Script----------------

21:03:36 INFO  : Memory regions updated for context APU
21:03:36 INFO  : Context for processor 'ps7_cortexa9_0' is selected.
21:03:36 INFO  : 'con' command is executed.
21:03:36 INFO  : ----------------XSDB Script (After Launch)----------------
targets -set -nocase -filter {name =~ "ARM*#0" && jtag_cable_name =~ "Digilent JTAG-SMT1 210203823914A"} -index 0
con
----------------End of Script----------------

21:04:35 INFO  : Connected to target on host '127.0.0.1' and port '3121'.
21:04:36 INFO  : 'targets -set -filter {jtag_cable_name =~ "Digilent JTAG-SMT1 210203823914A" && level==0} -index 1' command is executed.
21:04:41 INFO  : FPGA configured successfully with bitstream "/home/chathura/Desktop/maxi_final_180113/maxi_vivado_180113/maxi_vivado_180113.sdk/new_hw/design_1_wrapper.bit"
21:04:57 INFO  : Disconnected from the channel tcfchan#6.
21:04:58 INFO  : 'targets -set -filter {jtag_cable_name =~ "Digilent JTAG-SMT1 210203823914A" && level==0} -index 1' command is executed.
21:04:58 INFO  : 'fpga -state' command is executed.
21:04:58 INFO  : Connected to target on host '127.0.0.1' and port '3121'.
21:04:58 INFO  : Sourcing of '/home/chathura/Desktop/maxi_final_180113/maxi_vivado_180113/maxi_vivado_180113.sdk/new_hw/ps7_init.tcl' is done.
21:04:58 INFO  : 'targets -set -filter {name =~"APU" && jtag_cable_name =~ "Digilent JTAG-SMT1 210203823914A"} -index 0' command is executed.
21:04:58 INFO  : Hardware design information is loaded from '/home/chathura/Desktop/maxi_final_180113/maxi_vivado_180113/maxi_vivado_180113.sdk/new_hw/system.hdf'.
21:04:59 INFO  : 'targets -set -filter {name =~"APU" && jtag_cable_name =~ "Digilent JTAG-SMT1 210203823914A"} -index 0' command is executed.
21:04:59 INFO  : 'stop' command is executed.
21:04:59 INFO  : 'ps7_init' command is executed.
21:04:59 INFO  : 'ps7_post_config' command is executed.
21:05:00 INFO  : 'con' command is executed.
21:05:00 INFO  : Context for processor 'ps7_cortexa9_0' is selected.
21:05:00 INFO  : Processor reset is completed for 'ps7_cortexa9_0'.
21:05:00 INFO  : Context for processor 'ps7_cortexa9_0' is selected.
21:05:01 INFO  : The application '/home/chathura/Desktop/maxi_final_180113/maxi_vivado_180113/maxi_vivado_180113.sdk/test/Debug/test.elf' is downloaded to processor 'ps7_cortexa9_0'.
21:05:01 INFO  : ----------------XSDB Script----------------
connect -url tcp:127.0.0.1:3121
source /home/chathura/Desktop/maxi_final_180113/maxi_vivado_180113/maxi_vivado_180113.sdk/new_hw/ps7_init.tcl
targets -set -filter {name =~"APU" && jtag_cable_name =~ "Digilent JTAG-SMT1 210203823914A"} -index 0
loadhw /home/chathura/Desktop/maxi_final_180113/maxi_vivado_180113/maxi_vivado_180113.sdk/new_hw/system.hdf
targets -set -filter {name =~"APU" && jtag_cable_name =~ "Digilent JTAG-SMT1 210203823914A"} -index 0
stop
ps7_init
ps7_post_config
con
targets -set -nocase -filter {name =~ "ARM*#0" && jtag_cable_name =~ "Digilent JTAG-SMT1 210203823914A"} -index 0
rst -processor
targets -set -nocase -filter {name =~ "ARM*#0" && jtag_cable_name =~ "Digilent JTAG-SMT1 210203823914A"} -index 0
dow /home/chathura/Desktop/maxi_final_180113/maxi_vivado_180113/maxi_vivado_180113.sdk/test/Debug/test.elf
----------------End of Script----------------

21:05:01 INFO  : Memory regions updated for context APU
21:05:01 INFO  : Context for processor 'ps7_cortexa9_0' is selected.
21:05:01 INFO  : 'con' command is executed.
21:05:01 INFO  : ----------------XSDB Script (After Launch)----------------
targets -set -nocase -filter {name =~ "ARM*#0" && jtag_cable_name =~ "Digilent JTAG-SMT1 210203823914A"} -index 0
con
----------------End of Script----------------

